-- Install configuration: ""
-- Up-to-date: /home/leo/A_rmf_tests/install/rmf_demos_gz_classic/share/rmf_demos_gz_classic
-- Up-to-date: /home/leo/A_rmf_tests/install/rmf_demos_gz_classic/share/rmf_demos_gz_classic/airport_terminal.launch.xml
-- Up-to-date: /home/leo/A_rmf_tests/install/rmf_demos_gz_classic/share/rmf_demos_gz_classic/battle_royale.launch.xml
-- Up-to-date: /home/leo/A_rmf_tests/install/rmf_demos_gz_classic/share/rmf_demos_gz_classic/include
-- Up-to-date: /home/leo/A_rmf_tests/install/rmf_demos_gz_classic/share/rmf_demos_gz_classic/include/airport_terminal
-- Up-to-date: /home/leo/A_rmf_tests/install/rmf_demos_gz_classic/share/rmf_demos_gz_classic/include/airport_terminal/airport_terminal_caddy.launch.xml
-- Up-to-date: /home/leo/A_rmf_tests/install/rmf_demos_gz_classic/share/rmf_demos_gz_classic/clinic.launch.xml
-- Up-to-date: /home/leo/A_rmf_tests/install/rmf_demos_gz_classic/share/rmf_demos_gz_classic/triple_H.launch.xml
-- Up-to-date: /home/leo/A_rmf_tests/install/rmf_demos_gz_classic/share/rmf_demos_gz_classic/office_mock_traffic_light.launch.xml
-- Up-to-date: /home/leo/A_rmf_tests/install/rmf_demos_gz_classic/share/rmf_demos_gz_classic/simulation.launch.xml
-- Up-to-date: /home/leo/A_rmf_tests/install/rmf_demos_gz_classic/share/rmf_demos_gz_classic/office.launch.xml
-- Up-to-date: /home/leo/A_rmf_tests/install/rmf_demos_gz_classic/share/rmf_demos_gz_classic/hotel.launch.xml
-- Up-to-date: /home/leo/A_rmf_tests/install/rmf_demos_gz_classic/share/rmf_demos_gz_classic/campus.launch.xml
-- Up-to-date: /home/leo/A_rmf_tests/install/rmf_demos_gz_classic/share/ament_index/resource_index/package_run_dependencies/rmf_demos_gz_classic
-- Up-to-date: /home/leo/A_rmf_tests/install/rmf_demos_gz_classic/share/ament_index/resource_index/parent_prefix_path/rmf_demos_gz_classic
-- Up-to-date: /home/leo/A_rmf_tests/install/rmf_demos_gz_classic/share/rmf_demos_gz_classic/environment/ament_prefix_path.sh
-- Up-to-date: /home/leo/A_rmf_tests/install/rmf_demos_gz_classic/share/rmf_demos_gz_classic/environment/ament_prefix_path.dsv
-- Up-to-date: /home/leo/A_rmf_tests/install/rmf_demos_gz_classic/share/rmf_demos_gz_classic/environment/path.sh
-- Up-to-date: /home/leo/A_rmf_tests/install/rmf_demos_gz_classic/share/rmf_demos_gz_classic/environment/path.dsv
-- Up-to-date: /home/leo/A_rmf_tests/install/rmf_demos_gz_classic/share/rmf_demos_gz_classic/local_setup.bash
-- Up-to-date: /home/leo/A_rmf_tests/install/rmf_demos_gz_classic/share/rmf_demos_gz_classic/local_setup.sh
-- Up-to-date: /home/leo/A_rmf_tests/install/rmf_demos_gz_classic/share/rmf_demos_gz_classic/local_setup.zsh
-- Up-to-date: /home/leo/A_rmf_tests/install/rmf_demos_gz_classic/share/rmf_demos_gz_classic/local_setup.dsv
-- Installing: /home/leo/A_rmf_tests/install/rmf_demos_gz_classic/share/rmf_demos_gz_classic/package.dsv
-- Up-to-date: /home/leo/A_rmf_tests/install/rmf_demos_gz_classic/share/ament_index/resource_index/packages/rmf_demos_gz_classic
-- Up-to-date: /home/leo/A_rmf_tests/install/rmf_demos_gz_classic/share/rmf_demos_gz_classic/cmake/rmf_demos_gz_classicConfig.cmake
-- Up-to-date: /home/leo/A_rmf_tests/install/rmf_demos_gz_classic/share/rmf_demos_gz_classic/cmake/rmf_demos_gz_classicConfig-version.cmake
-- Up-to-date: /home/leo/A_rmf_tests/install/rmf_demos_gz_classic/share/rmf_demos_gz_classic/package.xml
