[3.739s] Invoking command in '/home/leo/A_rmf_tests/src/rmf_demos/rmf_demos_bridges': PYTHONPATH=/home/leo/A_rmf_tests/build/rmf_demos_bridges/prefix_override:/home/leo/A_rmf_tests/install/rmf_demos_bridges/lib/python3.10/site-packages:${PYTHONPATH} /usr/bin/python3 setup.py egg_info --egg-base ../../../build/rmf_demos_bridges build --build-base /home/leo/A_rmf_tests/build/rmf_demos_bridges/build install --record /home/leo/A_rmf_tests/build/rmf_demos_bridges/install.log --single-version-externally-managed
[4.337s] running egg_info
[4.390s] writing ../../../build/rmf_demos_bridges/rmf_demos_bridges.egg-info/PKG-INFO
[4.391s] writing dependency_links to ../../../build/rmf_demos_bridges/rmf_demos_bridges.egg-info/dependency_links.txt
[4.396s] writing entry points to ../../../build/rmf_demos_bridges/rmf_demos_bridges.egg-info/entry_points.txt
[4.396s] writing requirements to ../../../build/rmf_demos_bridges/rmf_demos_bridges.egg-info/requires.txt
[4.397s] writing top-level names to ../../../build/rmf_demos_bridges/rmf_demos_bridges.egg-info/top_level.txt
[4.462s] reading manifest file '../../../build/rmf_demos_bridges/rmf_demos_bridges.egg-info/SOURCES.txt'
[4.479s] writing manifest file '../../../build/rmf_demos_bridges/rmf_demos_bridges.egg-info/SOURCES.txt'
[4.479s] running build
[4.479s] running build_py
[4.479s] running install
[4.480s] /home/leo/.local/lib/python3.10/site-packages/setuptools/_distutils/cmd.py:66: SetuptoolsDeprecationWarning: setup.py install is deprecated.
[4.480s] !!
[4.480s] 
[4.480s]         ********************************************************************************
[4.480s]         Please avoid running ``setup.py`` directly.
[4.480s]         Instead, use pypa/build, pypa/installer or other
[4.481s]         standards-based tools.
[4.481s] 
[4.481s]         See https://blog.ganssle.io/articles/2021/10/setup-py-deprecated.html for details.
[4.481s]         ********************************************************************************
[4.481s] 
[4.481s] !!
[4.481s]   self.initialize_options()
[4.482s] running install_lib
[4.557s] running install_data
[4.610s] running install_egg_info
[4.634s] removing '/home/leo/A_rmf_tests/install/rmf_demos_bridges/lib/python3.10/site-packages/rmf_demos_bridges-2.2.2-py3.10.egg-info' (and everything under it)
[4.634s] Copying ../../../build/rmf_demos_bridges/rmf_demos_bridges.egg-info to /home/leo/A_rmf_tests/install/rmf_demos_bridges/lib/python3.10/site-packages/rmf_demos_bridges-2.2.2-py3.10.egg-info
[4.636s] running install_scripts
[4.956s] Installing fleet_robotmanager_mqtt_bridge script to /home/leo/A_rmf_tests/install/rmf_demos_bridges/lib/rmf_demos_bridges
[4.956s] Installing fleet_socketio_bridge script to /home/leo/A_rmf_tests/install/rmf_demos_bridges/lib/rmf_demos_bridges
[4.957s] writing list of installed files to '/home/leo/A_rmf_tests/build/rmf_demos_bridges/install.log'
[5.010s] Invoked command in '/home/leo/A_rmf_tests/src/rmf_demos/rmf_demos_bridges' returned '0': PYTHONPATH=/home/leo/A_rmf_tests/build/rmf_demos_bridges/prefix_override:/home/leo/A_rmf_tests/install/rmf_demos_bridges/lib/python3.10/site-packages:${PYTHONPATH} /usr/bin/python3 setup.py egg_info --egg-base ../../../build/rmf_demos_bridges build --build-base /home/leo/A_rmf_tests/build/rmf_demos_bridges/build install --record /home/leo/A_rmf_tests/build/rmf_demos_bridges/install.log --single-version-externally-managed
