[2.321s] Invoking command in '/home/leo/A_rmf_tests/src/rmf_demos/rmf_demos_panel': AMENT_PREFIX_PATH=/home/leo/A_rmf_tests/install/rmf_demos_dashboard_resources:${AMENT_PREFIX_PATH} CMAKE_PREFIX_PATH=/home/leo/A_rmf_tests/install/rmf_demos_dashboard_resources:${CMAKE_PREFIX_PATH} PYTHONPATH=/home/leo/A_rmf_tests/build/rmf_demos_panel/prefix_override:/home/leo/A_rmf_tests/install/rmf_demos_panel/lib/python3.10/site-packages:${PYTHONPATH} /usr/bin/python3 setup.py egg_info --egg-base ../../../build/rmf_demos_panel build --build-base /home/leo/A_rmf_tests/build/rmf_demos_panel/build install --record /home/leo/A_rmf_tests/build/rmf_demos_panel/install.log --single-version-externally-managed
[2.724s] running egg_info
[2.753s] writing ../../../build/rmf_demos_panel/rmf_demos_panel.egg-info/PKG-INFO
[2.755s] writing dependency_links to ../../../build/rmf_demos_panel/rmf_demos_panel.egg-info/dependency_links.txt
[2.755s] writing entry points to ../../../build/rmf_demos_panel/rmf_demos_panel.egg-info/entry_points.txt
[2.756s] writing requirements to ../../../build/rmf_demos_panel/rmf_demos_panel.egg-info/requires.txt
[2.756s] writing top-level names to ../../../build/rmf_demos_panel/rmf_demos_panel.egg-info/top_level.txt
[2.812s] reading manifest file '../../../build/rmf_demos_panel/rmf_demos_panel.egg-info/SOURCES.txt'
[2.814s] writing manifest file '../../../build/rmf_demos_panel/rmf_demos_panel.egg-info/SOURCES.txt'
[2.815s] running build
[2.815s] running build_py
[2.816s] running install
[2.816s] /home/leo/.local/lib/python3.10/site-packages/setuptools/_distutils/cmd.py:66: SetuptoolsDeprecationWarning: setup.py install is deprecated.
[2.816s] !!
[2.816s] 
[2.816s]         ********************************************************************************
[2.817s]         Please avoid running ``setup.py`` directly.
[2.817s]         Instead, use pypa/build, pypa/installer or other
[2.817s]         standards-based tools.
[2.817s] 
[2.817s]         See https://blog.ganssle.io/articles/2021/10/setup-py-deprecated.html for details.
[2.817s]         ********************************************************************************
[2.817s] 
[2.817s] !!
[2.818s]   self.initialize_options()
[2.829s] running install_lib
[2.858s] running install_data
[2.886s] running install_egg_info
[2.916s] removing '/home/leo/A_rmf_tests/install/rmf_demos_panel/lib/python3.10/site-packages/rmf_demos_panel-2.2.2-py3.10.egg-info' (and everything under it)
[2.917s] Copying ../../../build/rmf_demos_panel/rmf_demos_panel.egg-info to /home/leo/A_rmf_tests/install/rmf_demos_panel/lib/python3.10/site-packages/rmf_demos_panel-2.2.2-py3.10.egg-info
[2.918s] running install_scripts
[3.180s] Installing simple_api_server script to /home/leo/A_rmf_tests/install/rmf_demos_panel/lib/rmf_demos_panel
[3.180s] writing list of installed files to '/home/leo/A_rmf_tests/build/rmf_demos_panel/install.log'
[3.234s] Invoked command in '/home/leo/A_rmf_tests/src/rmf_demos/rmf_demos_panel' returned '0': AMENT_PREFIX_PATH=/home/leo/A_rmf_tests/install/rmf_demos_dashboard_resources:${AMENT_PREFIX_PATH} CMAKE_PREFIX_PATH=/home/leo/A_rmf_tests/install/rmf_demos_dashboard_resources:${CMAKE_PREFIX_PATH} PYTHONPATH=/home/leo/A_rmf_tests/build/rmf_demos_panel/prefix_override:/home/leo/A_rmf_tests/install/rmf_demos_panel/lib/python3.10/site-packages:${PYTHONPATH} /usr/bin/python3 setup.py egg_info --egg-base ../../../build/rmf_demos_panel build --build-base /home/leo/A_rmf_tests/build/rmf_demos_panel/build install --record /home/leo/A_rmf_tests/build/rmf_demos_panel/install.log --single-version-externally-managed
