[3.721s] Invoking command in '/home/leo/A_rmf_tests/src/rmf_demos/rmf_demos_tasks': PYTHONPATH=/home/leo/A_rmf_tests/build/rmf_demos_tasks/prefix_override:/home/leo/A_rmf_tests/install/rmf_demos_tasks/lib/python3.10/site-packages:${PYTHONPATH} /usr/bin/python3 setup.py egg_info --egg-base ../../../build/rmf_demos_tasks build --build-base /home/leo/A_rmf_tests/build/rmf_demos_tasks/build install --record /home/leo/A_rmf_tests/build/rmf_demos_tasks/install.log --single-version-externally-managed
[4.154s] running egg_info
[4.196s] writing ../../../build/rmf_demos_tasks/rmf_demos_tasks.egg-info/PKG-INFO
[4.203s] writing dependency_links to ../../../build/rmf_demos_tasks/rmf_demos_tasks.egg-info/dependency_links.txt
[4.203s] writing entry points to ../../../build/rmf_demos_tasks/rmf_demos_tasks.egg-info/entry_points.txt
[4.203s] writing requirements to ../../../build/rmf_demos_tasks/rmf_demos_tasks.egg-info/requires.txt
[4.204s] writing top-level names to ../../../build/rmf_demos_tasks/rmf_demos_tasks.egg-info/top_level.txt
[4.242s] reading manifest file '../../../build/rmf_demos_tasks/rmf_demos_tasks.egg-info/SOURCES.txt'
[4.244s] writing manifest file '../../../build/rmf_demos_tasks/rmf_demos_tasks.egg-info/SOURCES.txt'
[4.245s] running build
[4.245s] running build_py
[4.247s] running install
[4.247s] /home/leo/.local/lib/python3.10/site-packages/setuptools/_distutils/cmd.py:66: SetuptoolsDeprecationWarning: setup.py install is deprecated.
[4.247s] !!
[4.247s] 
[4.248s]         ********************************************************************************
[4.248s]         Please avoid running ``setup.py`` directly.
[4.248s]         Instead, use pypa/build, pypa/installer or other
[4.248s]         standards-based tools.
[4.248s] 
[4.248s]         See https://blog.ganssle.io/articles/2021/10/setup-py-deprecated.html for details.
[4.249s]         ********************************************************************************
[4.249s] 
[4.249s] !!
[4.249s]   self.initialize_options()
[4.260s] running install_lib
[4.291s] running install_data
[4.320s] running install_egg_info
[4.364s] removing '/home/leo/A_rmf_tests/install/rmf_demos_tasks/lib/python3.10/site-packages/rmf_demos_tasks-2.2.2-py3.10.egg-info' (and everything under it)
[4.365s] Copying ../../../build/rmf_demos_tasks/rmf_demos_tasks.egg-info to /home/leo/A_rmf_tests/install/rmf_demos_tasks/lib/python3.10/site-packages/rmf_demos_tasks-2.2.2-py3.10.egg-info
[4.365s] running install_scripts
[4.704s] Installing cancel_task script to /home/leo/A_rmf_tests/install/rmf_demos_tasks/lib/rmf_demos_tasks
[4.704s] Installing dispatch_action script to /home/leo/A_rmf_tests/install/rmf_demos_tasks/lib/rmf_demos_tasks
[4.704s] Installing dispatch_clean script to /home/leo/A_rmf_tests/install/rmf_demos_tasks/lib/rmf_demos_tasks
[4.705s] Installing dispatch_delivery script to /home/leo/A_rmf_tests/install/rmf_demos_tasks/lib/rmf_demos_tasks
[4.705s] Installing dispatch_go_to_place script to /home/leo/A_rmf_tests/install/rmf_demos_tasks/lib/rmf_demos_tasks
[4.705s] Installing dispatch_loop script to /home/leo/A_rmf_tests/install/rmf_demos_tasks/lib/rmf_demos_tasks
[4.705s] Installing dispatch_patrol script to /home/leo/A_rmf_tests/install/rmf_demos_tasks/lib/rmf_demos_tasks
[4.705s] Installing dispatch_teleop script to /home/leo/A_rmf_tests/install/rmf_demos_tasks/lib/rmf_demos_tasks
[4.705s] Installing mock_docker script to /home/leo/A_rmf_tests/install/rmf_demos_tasks/lib/rmf_demos_tasks
[4.706s] Installing request_lift script to /home/leo/A_rmf_tests/install/rmf_demos_tasks/lib/rmf_demos_tasks
[4.721s] Installing request_loop script to /home/leo/A_rmf_tests/install/rmf_demos_tasks/lib/rmf_demos_tasks
[4.721s] Installing teleop_robot script to /home/leo/A_rmf_tests/install/rmf_demos_tasks/lib/rmf_demos_tasks
[4.721s] writing list of installed files to '/home/leo/A_rmf_tests/build/rmf_demos_tasks/install.log'
[4.779s] Invoked command in '/home/leo/A_rmf_tests/src/rmf_demos/rmf_demos_tasks' returned '0': PYTHONPATH=/home/leo/A_rmf_tests/build/rmf_demos_tasks/prefix_override:/home/leo/A_rmf_tests/install/rmf_demos_tasks/lib/python3.10/site-packages:${PYTHONPATH} /usr/bin/python3 setup.py egg_info --egg-base ../../../build/rmf_demos_tasks build --build-base /home/leo/A_rmf_tests/build/rmf_demos_tasks/build install --record /home/leo/A_rmf_tests/build/rmf_demos_tasks/install.log --single-version-externally-managed
