[0.416s] Invoking command in '/home/leo/A_rmf_tests/build/rmf_demos_dashboard_resources': CMAKE_PREFIX_PATH=${CMAKE_PREFIX_PATH}:/home/leo/tfg_leo_ws/install/rmf_v2:/home/leo/tfg_leo_ws/install/prueba_oklk:/opt/ros/humble /usr/bin/cmake --build /home/leo/A_rmf_tests/build/rmf_demos_dashboard_resources -- -j8 -l8
[1.246s] [100%] Built target build
[1.861s] Invoked command in '/home/leo/A_rmf_tests/build/rmf_demos_dashboard_resources' returned '0': CMAKE_PREFIX_PATH=${CMAKE_PREFIX_PATH}:/home/leo/tfg_leo_ws/install/rmf_v2:/home/leo/tfg_leo_ws/install/prueba_oklk:/opt/ros/humble /usr/bin/cmake --build /home/leo/A_rmf_tests/build/rmf_demos_dashboard_resources -- -j8 -l8
[2.145s] Invoking command in '/home/leo/A_rmf_tests/build/rmf_demos_dashboard_resources': CMAKE_PREFIX_PATH=${CMAKE_PREFIX_PATH}:/home/leo/tfg_leo_ws/install/rmf_v2:/home/leo/tfg_leo_ws/install/prueba_oklk:/opt/ros/humble /usr/bin/cmake --install /home/leo/A_rmf_tests/build/rmf_demos_dashboard_resources
[2.175s] -- Install configuration: ""
[2.175s] -- Up-to-date: /home/leo/A_rmf_tests/install/rmf_demos_dashboard_resources/share/ament_index/resource_index/package_run_dependencies/rmf_demos_dashboard_resources
[2.175s] -- Up-to-date: /home/leo/A_rmf_tests/install/rmf_demos_dashboard_resources/share/ament_index/resource_index/parent_prefix_path/rmf_demos_dashboard_resources
[2.175s] -- Up-to-date: /home/leo/A_rmf_tests/install/rmf_demos_dashboard_resources/share/rmf_demos_dashboard_resources/environment/ament_prefix_path.sh
[2.176s] -- Up-to-date: /home/leo/A_rmf_tests/install/rmf_demos_dashboard_resources/share/rmf_demos_dashboard_resources/environment/ament_prefix_path.dsv
[2.176s] -- Up-to-date: /home/leo/A_rmf_tests/install/rmf_demos_dashboard_resources/share/rmf_demos_dashboard_resources/environment/path.sh
[2.176s] -- Up-to-date: /home/leo/A_rmf_tests/install/rmf_demos_dashboard_resources/share/rmf_demos_dashboard_resources/environment/path.dsv
[2.177s] -- Up-to-date: /home/leo/A_rmf_tests/install/rmf_demos_dashboard_resources/share/rmf_demos_dashboard_resources/local_setup.bash
[2.177s] -- Up-to-date: /home/leo/A_rmf_tests/install/rmf_demos_dashboard_resources/share/rmf_demos_dashboard_resources/local_setup.sh
[2.177s] -- Up-to-date: /home/leo/A_rmf_tests/install/rmf_demos_dashboard_resources/share/rmf_demos_dashboard_resources/local_setup.zsh
[2.177s] -- Up-to-date: /home/leo/A_rmf_tests/install/rmf_demos_dashboard_resources/share/rmf_demos_dashboard_resources/local_setup.dsv
[2.177s] -- Up-to-date: /home/leo/A_rmf_tests/install/rmf_demos_dashboard_resources/share/rmf_demos_dashboard_resources/package.dsv
[2.178s] -- Up-to-date: /home/leo/A_rmf_tests/install/rmf_demos_dashboard_resources/share/ament_index/resource_index/packages/rmf_demos_dashboard_resources
[2.178s] -- Up-to-date: /home/leo/A_rmf_tests/install/rmf_demos_dashboard_resources/share/rmf_demos_dashboard_resources/cmake/rmf_demos_dashboard_resourcesConfig.cmake
[2.178s] -- Up-to-date: /home/leo/A_rmf_tests/install/rmf_demos_dashboard_resources/share/rmf_demos_dashboard_resources/cmake/rmf_demos_dashboard_resourcesConfig-version.cmake
[2.178s] -- Up-to-date: /home/leo/A_rmf_tests/install/rmf_demos_dashboard_resources/share/rmf_demos_dashboard_resources/package.xml
[2.178s] -- Up-to-date: /home/leo/A_rmf_tests/install/rmf_demos_dashboard_resources/share/rmf_demos_dashboard_resources/airport_terminal
[2.179s] -- Up-to-date: /home/leo/A_rmf_tests/install/rmf_demos_dashboard_resources/share/rmf_demos_dashboard_resources/airport_terminal/dashboard_config.json
[2.179s] -- Up-to-date: /home/leo/A_rmf_tests/install/rmf_demos_dashboard_resources/share/rmf_demos_dashboard_resources/airport_terminal/main.json
[2.179s] -- Up-to-date: /home/leo/A_rmf_tests/install/rmf_demos_dashboard_resources/share/rmf_demos_dashboard_resources/airport_terminal/icons
[2.179s] -- Up-to-date: /home/leo/A_rmf_tests/install/rmf_demos_dashboard_resources/share/rmf_demos_dashboard_resources/airport_terminal/icons/cleanerBotE.png
[2.179s] -- Up-to-date: /home/leo/A_rmf_tests/install/rmf_demos_dashboard_resources/share/rmf_demos_dashboard_resources/airport_terminal/icons/deliveryRobot.png
[2.179s] -- Up-to-date: /home/leo/A_rmf_tests/install/rmf_demos_dashboard_resources/share/rmf_demos_dashboard_resources/airport_terminal/icons/cleanerBotA.png
[2.179s] -- Up-to-date: /home/leo/A_rmf_tests/install/rmf_demos_dashboard_resources/share/rmf_demos_dashboard_resources/airport_terminal/icons/caddy.png
[2.180s] -- Up-to-date: /home/leo/A_rmf_tests/install/rmf_demos_dashboard_resources/share/rmf_demos_dashboard_resources/airport_terminal/icons/tinyRobot.png
[2.180s] -- Up-to-date: /home/leo/A_rmf_tests/install/rmf_demos_dashboard_resources/share/rmf_demos_dashboard_resources/airport_terminal/icons/headerLogo.png
[2.180s] -- Up-to-date: /home/leo/A_rmf_tests/install/rmf_demos_dashboard_resources/share/rmf_demos_dashboard_resources/office
[2.180s] -- Up-to-date: /home/leo/A_rmf_tests/install/rmf_demos_dashboard_resources/share/rmf_demos_dashboard_resources/office/dashboard_config.json
[2.180s] -- Up-to-date: /home/leo/A_rmf_tests/install/rmf_demos_dashboard_resources/share/rmf_demos_dashboard_resources/office/main.json
[2.180s] -- Up-to-date: /home/leo/A_rmf_tests/install/rmf_demos_dashboard_resources/share/rmf_demos_dashboard_resources/office/icons
[2.181s] -- Up-to-date: /home/leo/A_rmf_tests/install/rmf_demos_dashboard_resources/share/rmf_demos_dashboard_resources/office/icons/deliveryRobot.png
[2.181s] -- Up-to-date: /home/leo/A_rmf_tests/install/rmf_demos_dashboard_resources/share/rmf_demos_dashboard_resources/office/icons/humanIcon.png
[2.181s] -- Up-to-date: /home/leo/A_rmf_tests/install/rmf_demos_dashboard_resources/share/rmf_demos_dashboard_resources/office/icons/fridge.png
[2.181s] -- Up-to-date: /home/leo/A_rmf_tests/install/rmf_demos_dashboard_resources/share/rmf_demos_dashboard_resources/office/icons/tinyRobot.png
[2.181s] -- Up-to-date: /home/leo/A_rmf_tests/install/rmf_demos_dashboard_resources/share/rmf_demos_dashboard_resources/office/icons/roshealth-logo-blue.png
[2.181s] -- Up-to-date: /home/leo/A_rmf_tests/install/rmf_demos_dashboard_resources/share/rmf_demos_dashboard_resources/office/icons/headerLogo.png
[2.182s] -- Up-to-date: /home/leo/A_rmf_tests/install/rmf_demos_dashboard_resources/share/rmf_demos_dashboard_resources/hotel
[2.182s] -- Up-to-date: /home/leo/A_rmf_tests/install/rmf_demos_dashboard_resources/share/rmf_demos_dashboard_resources/hotel/dashboard_config.json
[2.182s] -- Up-to-date: /home/leo/A_rmf_tests/install/rmf_demos_dashboard_resources/share/rmf_demos_dashboard_resources/hotel/main.json
[2.182s] -- Up-to-date: /home/leo/A_rmf_tests/install/rmf_demos_dashboard_resources/share/rmf_demos_dashboard_resources/hotel/icons
[2.182s] -- Up-to-date: /home/leo/A_rmf_tests/install/rmf_demos_dashboard_resources/share/rmf_demos_dashboard_resources/hotel/icons/deliveryRobot.png
[2.182s] -- Up-to-date: /home/leo/A_rmf_tests/install/rmf_demos_dashboard_resources/share/rmf_demos_dashboard_resources/hotel/icons/cleanerBotA.png
[2.182s] -- Up-to-date: /home/leo/A_rmf_tests/install/rmf_demos_dashboard_resources/share/rmf_demos_dashboard_resources/hotel/icons/tinyRobot.png
[2.183s] -- Up-to-date: /home/leo/A_rmf_tests/install/rmf_demos_dashboard_resources/share/rmf_demos_dashboard_resources/hotel/icons/headerLogo.png
[2.183s] -- Up-to-date: /home/leo/A_rmf_tests/install/rmf_demos_dashboard_resources/share/rmf_demos_dashboard_resources/clinic
[2.183s] -- Up-to-date: /home/leo/A_rmf_tests/install/rmf_demos_dashboard_resources/share/rmf_demos_dashboard_resources/clinic/dashboard_config.json
[2.183s] -- Up-to-date: /home/leo/A_rmf_tests/install/rmf_demos_dashboard_resources/share/rmf_demos_dashboard_resources/clinic/main.json
[2.193s] Invoked command in '/home/leo/A_rmf_tests/build/rmf_demos_dashboard_resources' returned '0': CMAKE_PREFIX_PATH=${CMAKE_PREFIX_PATH}:/home/leo/tfg_leo_ws/install/rmf_v2:/home/leo/tfg_leo_ws/install/prueba_oklk:/opt/ros/humble /usr/bin/cmake --install /home/leo/A_rmf_tests/build/rmf_demos_dashboard_resources
