[0.457s] Invoking command in '/home/leo/A_rmf_tests/build/rmf_demos_dashboard_resources': CMAKE_PREFIX_PATH=${CMAKE_PREFIX_PATH}:/home/leo/tfg_leo_ws/install/rmf_v2:/home/leo/tfg_leo_ws/install/prueba_oklk:/home/leo/rmf_ws/install/rmf_demos_tasks:/home/leo/rmf_ws/install/rmf_demos_panel:/home/leo/rmf_ws/install/rmf_demos_fleet_adapter:/home/leo/rmf_ws/install/rmf_demos_bridges:/opt/ros/humble /usr/bin/cmake /home/leo/A_rmf_tests/src/rmf_demos/rmf_demos_dashboard_resources -DCMAKE_INSTALL_PREFIX=/home/leo/A_rmf_tests/install/rmf_demos_dashboard_resources
[0.967s] -- Found ament_cmake: 1.3.5 (/opt/ros/humble/share/ament_cmake/cmake)
[0.967s] -- Found Python3: /usr/bin/python3.10 (found version "3.10.12") found components: Interpreter 
[0.967s] -- Configuring done
[0.967s] -- Generating done
[0.968s] -- Build files have been written to: /home/leo/A_rmf_tests/build/rmf_demos_dashboard_resources
[1.203s] Invoked command in '/home/leo/A_rmf_tests/build/rmf_demos_dashboard_resources' returned '0': CMAKE_PREFIX_PATH=${CMAKE_PREFIX_PATH}:/home/leo/tfg_leo_ws/install/rmf_v2:/home/leo/tfg_leo_ws/install/prueba_oklk:/home/leo/rmf_ws/install/rmf_demos_tasks:/home/leo/rmf_ws/install/rmf_demos_panel:/home/leo/rmf_ws/install/rmf_demos_fleet_adapter:/home/leo/rmf_ws/install/rmf_demos_bridges:/opt/ros/humble /usr/bin/cmake /home/leo/A_rmf_tests/src/rmf_demos/rmf_demos_dashboard_resources -DCMAKE_INSTALL_PREFIX=/home/leo/A_rmf_tests/install/rmf_demos_dashboard_resources
[1.204s] Invoking command in '/home/leo/A_rmf_tests/build/rmf_demos_dashboard_resources': CMAKE_PREFIX_PATH=${CMAKE_PREFIX_PATH}:/home/leo/tfg_leo_ws/install/rmf_v2:/home/leo/tfg_leo_ws/install/prueba_oklk:/home/leo/rmf_ws/install/rmf_demos_tasks:/home/leo/rmf_ws/install/rmf_demos_panel:/home/leo/rmf_ws/install/rmf_demos_fleet_adapter:/home/leo/rmf_ws/install/rmf_demos_bridges:/opt/ros/humble /usr/bin/cmake --build /home/leo/A_rmf_tests/build/rmf_demos_dashboard_resources -- -j8 -l8
[1.261s] [100%] Built target build
[1.273s] Invoked command in '/home/leo/A_rmf_tests/build/rmf_demos_dashboard_resources' returned '0': CMAKE_PREFIX_PATH=${CMAKE_PREFIX_PATH}:/home/leo/tfg_leo_ws/install/rmf_v2:/home/leo/tfg_leo_ws/install/prueba_oklk:/home/leo/rmf_ws/install/rmf_demos_tasks:/home/leo/rmf_ws/install/rmf_demos_panel:/home/leo/rmf_ws/install/rmf_demos_fleet_adapter:/home/leo/rmf_ws/install/rmf_demos_bridges:/opt/ros/humble /usr/bin/cmake --build /home/leo/A_rmf_tests/build/rmf_demos_dashboard_resources -- -j8 -l8
[1.297s] Invoking command in '/home/leo/A_rmf_tests/build/rmf_demos_dashboard_resources': CMAKE_PREFIX_PATH=${CMAKE_PREFIX_PATH}:/home/leo/tfg_leo_ws/install/rmf_v2:/home/leo/tfg_leo_ws/install/prueba_oklk:/home/leo/rmf_ws/install/rmf_demos_tasks:/home/leo/rmf_ws/install/rmf_demos_panel:/home/leo/rmf_ws/install/rmf_demos_fleet_adapter:/home/leo/rmf_ws/install/rmf_demos_bridges:/opt/ros/humble /usr/bin/cmake --install /home/leo/A_rmf_tests/build/rmf_demos_dashboard_resources
[1.305s] -- Install configuration: ""
[1.305s] -- Installing: /home/leo/A_rmf_tests/install/rmf_demos_dashboard_resources/share/ament_index/resource_index/package_run_dependencies/rmf_demos_dashboard_resources
[1.305s] -- Installing: /home/leo/A_rmf_tests/install/rmf_demos_dashboard_resources/share/ament_index/resource_index/parent_prefix_path/rmf_demos_dashboard_resources
[1.306s] -- Installing: /home/leo/A_rmf_tests/install/rmf_demos_dashboard_resources/share/rmf_demos_dashboard_resources/environment/ament_prefix_path.sh
[1.306s] -- Installing: /home/leo/A_rmf_tests/install/rmf_demos_dashboard_resources/share/rmf_demos_dashboard_resources/environment/ament_prefix_path.dsv
[1.306s] -- Installing: /home/leo/A_rmf_tests/install/rmf_demos_dashboard_resources/share/rmf_demos_dashboard_resources/environment/path.sh
[1.306s] -- Installing: /home/leo/A_rmf_tests/install/rmf_demos_dashboard_resources/share/rmf_demos_dashboard_resources/environment/path.dsv
[1.306s] -- Installing: /home/leo/A_rmf_tests/install/rmf_demos_dashboard_resources/share/rmf_demos_dashboard_resources/local_setup.bash
[1.306s] -- Installing: /home/leo/A_rmf_tests/install/rmf_demos_dashboard_resources/share/rmf_demos_dashboard_resources/local_setup.sh
[1.307s] -- Installing: /home/leo/A_rmf_tests/install/rmf_demos_dashboard_resources/share/rmf_demos_dashboard_resources/local_setup.zsh
[1.307s] -- Installing: /home/leo/A_rmf_tests/install/rmf_demos_dashboard_resources/share/rmf_demos_dashboard_resources/local_setup.dsv
[1.307s] -- Installing: /home/leo/A_rmf_tests/install/rmf_demos_dashboard_resources/share/rmf_demos_dashboard_resources/package.dsv
[1.307s] -- Installing: /home/leo/A_rmf_tests/install/rmf_demos_dashboard_resources/share/ament_index/resource_index/packages/rmf_demos_dashboard_resources
[1.307s] -- Installing: /home/leo/A_rmf_tests/install/rmf_demos_dashboard_resources/share/rmf_demos_dashboard_resources/cmake/rmf_demos_dashboard_resourcesConfig.cmake
[1.307s] -- Installing: /home/leo/A_rmf_tests/install/rmf_demos_dashboard_resources/share/rmf_demos_dashboard_resources/cmake/rmf_demos_dashboard_resourcesConfig-version.cmake
[1.307s] -- Installing: /home/leo/A_rmf_tests/install/rmf_demos_dashboard_resources/share/rmf_demos_dashboard_resources/package.xml
[1.307s] -- Installing: /home/leo/A_rmf_tests/install/rmf_demos_dashboard_resources/share/rmf_demos_dashboard_resources/airport_terminal
[1.307s] -- Installing: /home/leo/A_rmf_tests/install/rmf_demos_dashboard_resources/share/rmf_demos_dashboard_resources/airport_terminal/dashboard_config.json
[1.308s] -- Installing: /home/leo/A_rmf_tests/install/rmf_demos_dashboard_resources/share/rmf_demos_dashboard_resources/airport_terminal/main.json
[1.308s] -- Installing: /home/leo/A_rmf_tests/install/rmf_demos_dashboard_resources/share/rmf_demos_dashboard_resources/airport_terminal/icons
[1.308s] -- Installing: /home/leo/A_rmf_tests/install/rmf_demos_dashboard_resources/share/rmf_demos_dashboard_resources/airport_terminal/icons/cleanerBotE.png
[1.308s] -- Installing: /home/leo/A_rmf_tests/install/rmf_demos_dashboard_resources/share/rmf_demos_dashboard_resources/airport_terminal/icons/deliveryRobot.png
[1.308s] -- Installing: /home/leo/A_rmf_tests/install/rmf_demos_dashboard_resources/share/rmf_demos_dashboard_resources/airport_terminal/icons/cleanerBotA.png
[1.308s] -- Installing: /home/leo/A_rmf_tests/install/rmf_demos_dashboard_resources/share/rmf_demos_dashboard_resources/airport_terminal/icons/caddy.png
[1.308s] -- Installing: /home/leo/A_rmf_tests/install/rmf_demos_dashboard_resources/share/rmf_demos_dashboard_resources/airport_terminal/icons/tinyRobot.png
[1.309s] -- Installing: /home/leo/A_rmf_tests/install/rmf_demos_dashboard_resources/share/rmf_demos_dashboard_resources/airport_terminal/icons/headerLogo.png
[1.309s] -- Installing: /home/leo/A_rmf_tests/install/rmf_demos_dashboard_resources/share/rmf_demos_dashboard_resources/office
[1.309s] -- Installing: /home/leo/A_rmf_tests/install/rmf_demos_dashboard_resources/share/rmf_demos_dashboard_resources/office/dashboard_config.json
[1.309s] -- Installing: /home/leo/A_rmf_tests/install/rmf_demos_dashboard_resources/share/rmf_demos_dashboard_resources/office/main.json
[1.309s] -- Installing: /home/leo/A_rmf_tests/install/rmf_demos_dashboard_resources/share/rmf_demos_dashboard_resources/office/icons
[1.309s] -- Installing: /home/leo/A_rmf_tests/install/rmf_demos_dashboard_resources/share/rmf_demos_dashboard_resources/office/icons/deliveryRobot.png
[1.309s] -- Installing: /home/leo/A_rmf_tests/install/rmf_demos_dashboard_resources/share/rmf_demos_dashboard_resources/office/icons/humanIcon.png
[1.309s] -- Installing: /home/leo/A_rmf_tests/install/rmf_demos_dashboard_resources/share/rmf_demos_dashboard_resources/office/icons/fridge.png
[1.309s] -- Installing: /home/leo/A_rmf_tests/install/rmf_demos_dashboard_resources/share/rmf_demos_dashboard_resources/office/icons/tinyRobot.png
[1.309s] -- Installing: /home/leo/A_rmf_tests/install/rmf_demos_dashboard_resources/share/rmf_demos_dashboard_resources/office/icons/roshealth-logo-blue.png
[1.310s] -- Installing: /home/leo/A_rmf_tests/install/rmf_demos_dashboard_resources/share/rmf_demos_dashboard_resources/office/icons/headerLogo.png
[1.310s] -- Installing: /home/leo/A_rmf_tests/install/rmf_demos_dashboard_resources/share/rmf_demos_dashboard_resources/hotel
[1.310s] -- Installing: /home/leo/A_rmf_tests/install/rmf_demos_dashboard_resources/share/rmf_demos_dashboard_resources/hotel/dashboard_config.json
[1.310s] -- Installing: /home/leo/A_rmf_tests/install/rmf_demos_dashboard_resources/share/rmf_demos_dashboard_resources/hotel/main.json
[1.310s] -- Installing: /home/leo/A_rmf_tests/install/rmf_demos_dashboard_resources/share/rmf_demos_dashboard_resources/hotel/icons
[1.310s] -- Installing: /home/leo/A_rmf_tests/install/rmf_demos_dashboard_resources/share/rmf_demos_dashboard_resources/hotel/icons/deliveryRobot.png
[1.310s] -- Installing: /home/leo/A_rmf_tests/install/rmf_demos_dashboard_resources/share/rmf_demos_dashboard_resources/hotel/icons/cleanerBotA.png
[1.310s] -- Installing: /home/leo/A_rmf_tests/install/rmf_demos_dashboard_resources/share/rmf_demos_dashboard_resources/hotel/icons/tinyRobot.png
[1.311s] -- Installing: /home/leo/A_rmf_tests/install/rmf_demos_dashboard_resources/share/rmf_demos_dashboard_resources/hotel/icons/headerLogo.png
[1.311s] -- Installing: /home/leo/A_rmf_tests/install/rmf_demos_dashboard_resources/share/rmf_demos_dashboard_resources/clinic
[1.311s] -- Installing: /home/leo/A_rmf_tests/install/rmf_demos_dashboard_resources/share/rmf_demos_dashboard_resources/clinic/dashboard_config.json
[1.311s] -- Installing: /home/leo/A_rmf_tests/install/rmf_demos_dashboard_resources/share/rmf_demos_dashboard_resources/clinic/main.json
[1.314s] Invoked command in '/home/leo/A_rmf_tests/build/rmf_demos_dashboard_resources' returned '0': CMAKE_PREFIX_PATH=${CMAKE_PREFIX_PATH}:/home/leo/tfg_leo_ws/install/rmf_v2:/home/leo/tfg_leo_ws/install/prueba_oklk:/home/leo/rmf_ws/install/rmf_demos_tasks:/home/leo/rmf_ws/install/rmf_demos_panel:/home/leo/rmf_ws/install/rmf_demos_fleet_adapter:/home/leo/rmf_ws/install/rmf_demos_bridges:/opt/ros/humble /usr/bin/cmake --install /home/leo/A_rmf_tests/build/rmf_demos_dashboard_resources
