[2.471s] Invoking command in '/home/leo/A_rmf_tests/src/rmf_demos/rmf_demos_panel': CMAKE_PREFIX_PATH=/home/leo/A_rmf_tests/install/rmf_demos_dashboard_resources:/home/leo/A_rmf_tests/install/rmf_demos_gz_classic:/home/leo/A_rmf_tests/install/rmf_demos_gz:/home/leo/A_rmf_tests/install/rmf_demos:/home/leo/A_rmf_tests/install/rmf_demos_maps:/home/leo/A_rmf_tests/install/rmf_demos_assets:/home/leo/tfg_leo_ws/install/turtlebot3_simulations:/home/leo/tfg_leo_ws/install/turtlebot3_gazebo:/home/leo/tfg_leo_ws/install/turtlebot3_fake_node:/home/leo/ros2_ws/install/starbots_rmf:/home/leo/ros2_ws/install/ff_examples_ros2:/home/leo/ros2_ws/install/free_fleet_server_ros2:/home/leo/ros2_ws/install/free_fleet_client_ros2:/home/leo/ros2_ws/install/free_fleet:/home/leo/ros2_ws/install/barista_gazebo:/home/leo/ros2_ws/install/barista_extra_models:/home/leo/ros2_ws/install/barista_description PYTHONPATH=/home/leo/A_rmf_tests/build/rmf_demos_panel/prefix_override:/home/leo/A_rmf_tests/install/rmf_demos_panel/lib/python3.10/site-packages:${PYTHONPATH} /usr/bin/python3 setup.py egg_info --egg-base ../../../build/rmf_demos_panel build --build-base /home/leo/A_rmf_tests/build/rmf_demos_panel/build install --record /home/leo/A_rmf_tests/build/rmf_demos_panel/install.log --single-version-externally-managed
[3.026s] running egg_info
[3.059s] writing ../../../build/rmf_demos_panel/rmf_demos_panel.egg-info/PKG-INFO
[3.060s] writing dependency_links to ../../../build/rmf_demos_panel/rmf_demos_panel.egg-info/dependency_links.txt
[3.060s] writing entry points to ../../../build/rmf_demos_panel/rmf_demos_panel.egg-info/entry_points.txt
[3.060s] writing requirements to ../../../build/rmf_demos_panel/rmf_demos_panel.egg-info/requires.txt
[3.060s] writing top-level names to ../../../build/rmf_demos_panel/rmf_demos_panel.egg-info/top_level.txt
[3.118s] reading manifest file '../../../build/rmf_demos_panel/rmf_demos_panel.egg-info/SOURCES.txt'
[3.120s] writing manifest file '../../../build/rmf_demos_panel/rmf_demos_panel.egg-info/SOURCES.txt'
[3.120s] running build
[3.120s] running build_py
[3.121s] running install
[3.121s] /home/leo/.local/lib/python3.10/site-packages/setuptools/_distutils/cmd.py:66: SetuptoolsDeprecationWarning: setup.py install is deprecated.
[3.121s] !!
[3.121s] 
[3.122s]         ********************************************************************************
[3.122s]         Please avoid running ``setup.py`` directly.
[3.122s]         Instead, use pypa/build, pypa/installer or other
[3.122s]         standards-based tools.
[3.122s] 
[3.122s]         See https://blog.ganssle.io/articles/2021/10/setup-py-deprecated.html for details.
[3.122s]         ********************************************************************************
[3.122s] 
[3.122s] !!
[3.122s]   self.initialize_options()
[3.131s] running install_lib
[3.161s] running install_data
[3.189s] running install_egg_info
[3.216s] removing '/home/leo/A_rmf_tests/install/rmf_demos_panel/lib/python3.10/site-packages/rmf_demos_panel-2.2.2-py3.10.egg-info' (and everything under it)
[3.217s] Copying ../../../build/rmf_demos_panel/rmf_demos_panel.egg-info to /home/leo/A_rmf_tests/install/rmf_demos_panel/lib/python3.10/site-packages/rmf_demos_panel-2.2.2-py3.10.egg-info
[3.217s] running install_scripts
[3.473s] Installing simple_api_server script to /home/leo/A_rmf_tests/install/rmf_demos_panel/lib/rmf_demos_panel
[3.473s] writing list of installed files to '/home/leo/A_rmf_tests/build/rmf_demos_panel/install.log'
[3.527s] Invoked command in '/home/leo/A_rmf_tests/src/rmf_demos/rmf_demos_panel' returned '0': CMAKE_PREFIX_PATH=/home/leo/A_rmf_tests/install/rmf_demos_dashboard_resources:/home/leo/A_rmf_tests/install/rmf_demos_gz_classic:/home/leo/A_rmf_tests/install/rmf_demos_gz:/home/leo/A_rmf_tests/install/rmf_demos:/home/leo/A_rmf_tests/install/rmf_demos_maps:/home/leo/A_rmf_tests/install/rmf_demos_assets:/home/leo/tfg_leo_ws/install/turtlebot3_simulations:/home/leo/tfg_leo_ws/install/turtlebot3_gazebo:/home/leo/tfg_leo_ws/install/turtlebot3_fake_node:/home/leo/ros2_ws/install/starbots_rmf:/home/leo/ros2_ws/install/ff_examples_ros2:/home/leo/ros2_ws/install/free_fleet_server_ros2:/home/leo/ros2_ws/install/free_fleet_client_ros2:/home/leo/ros2_ws/install/free_fleet:/home/leo/ros2_ws/install/barista_gazebo:/home/leo/ros2_ws/install/barista_extra_models:/home/leo/ros2_ws/install/barista_description PYTHONPATH=/home/leo/A_rmf_tests/build/rmf_demos_panel/prefix_override:/home/leo/A_rmf_tests/install/rmf_demos_panel/lib/python3.10/site-packages:${PYTHONPATH} /usr/bin/python3 setup.py egg_info --egg-base ../../../build/rmf_demos_panel build --build-base /home/leo/A_rmf_tests/build/rmf_demos_panel/build install --record /home/leo/A_rmf_tests/build/rmf_demos_panel/install.log --single-version-externally-managed
