[0.483s] Invoking command in '/home/leo/A_rmf_tests/build/rmf_demos_dashboard_resources': CMAKE_PREFIX_PATH=${CMAKE_PREFIX_PATH}:/home/leo/A_rmf_tests/install/rmf_demos_tasks:/home/leo/A_rmf_tests/install/rmf_demos_panel:/home/leo/A_rmf_tests/install/rmf_demos_fleet_adapter:/home/leo/A_rmf_tests/install/rmf_demos_bridges:/home/leo/tfg_leo_ws/install/rmf_v2:/home/leo/tfg_leo_ws/install/prueba_oklk:/opt/ros/humble /usr/bin/cmake --build /home/leo/A_rmf_tests/build/rmf_demos_dashboard_resources -- -j8 -l8
[1.378s] -- Found ament_cmake: 1.3.5 (/opt/ros/humble/share/ament_cmake/cmake)
[1.378s] -- Configuring done
[1.378s] -- Generating done
[1.378s] -- Build files have been written to: /home/leo/A_rmf_tests/build/rmf_demos_dashboard_resources
[1.378s] [100%] [34m[1mGenerating /home/leo/A_rmf_tests/src/rmf_demos/rmf_demos_dashboard_resources/airport_terminal/main.json, /home/leo/A_rmf_tests/src/rmf_demos/rmf_demos_dashboard_resources/office/main.json, /home/leo/A_rmf_tests/src/rmf_demos/rmf_demos_dashboard_resources/testA/main.json[0m
[1.378s] [100%] Built target build
[1.379s] [0m-- GLOB mismatch![0m
[2.091s] Invoked command in '/home/leo/A_rmf_tests/build/rmf_demos_dashboard_resources' returned '0': CMAKE_PREFIX_PATH=${CMAKE_PREFIX_PATH}:/home/leo/A_rmf_tests/install/rmf_demos_tasks:/home/leo/A_rmf_tests/install/rmf_demos_panel:/home/leo/A_rmf_tests/install/rmf_demos_fleet_adapter:/home/leo/A_rmf_tests/install/rmf_demos_bridges:/home/leo/tfg_leo_ws/install/rmf_v2:/home/leo/tfg_leo_ws/install/prueba_oklk:/opt/ros/humble /usr/bin/cmake --build /home/leo/A_rmf_tests/build/rmf_demos_dashboard_resources -- -j8 -l8
[2.603s] Invoking command in '/home/leo/A_rmf_tests/build/rmf_demos_dashboard_resources': CMAKE_PREFIX_PATH=${CMAKE_PREFIX_PATH}:/home/leo/A_rmf_tests/install/rmf_demos_tasks:/home/leo/A_rmf_tests/install/rmf_demos_panel:/home/leo/A_rmf_tests/install/rmf_demos_fleet_adapter:/home/leo/A_rmf_tests/install/rmf_demos_bridges:/home/leo/tfg_leo_ws/install/rmf_v2:/home/leo/tfg_leo_ws/install/prueba_oklk:/opt/ros/humble /usr/bin/cmake --install /home/leo/A_rmf_tests/build/rmf_demos_dashboard_resources
[2.613s] -- Install configuration: ""
[2.613s] -- Up-to-date: /home/leo/A_rmf_tests/install/rmf_demos_dashboard_resources/share/ament_index/resource_index/package_run_dependencies/rmf_demos_dashboard_resources
[2.613s] -- Installing: /home/leo/A_rmf_tests/install/rmf_demos_dashboard_resources/share/ament_index/resource_index/parent_prefix_path/rmf_demos_dashboard_resources
[2.613s] -- Up-to-date: /home/leo/A_rmf_tests/install/rmf_demos_dashboard_resources/share/rmf_demos_dashboard_resources/environment/ament_prefix_path.sh
[2.614s] -- Installing: /home/leo/A_rmf_tests/install/rmf_demos_dashboard_resources/share/rmf_demos_dashboard_resources/environment/ament_prefix_path.dsv
[2.614s] -- Up-to-date: /home/leo/A_rmf_tests/install/rmf_demos_dashboard_resources/share/rmf_demos_dashboard_resources/environment/path.sh
[2.614s] -- Installing: /home/leo/A_rmf_tests/install/rmf_demos_dashboard_resources/share/rmf_demos_dashboard_resources/environment/path.dsv
[2.614s] -- Up-to-date: /home/leo/A_rmf_tests/install/rmf_demos_dashboard_resources/share/rmf_demos_dashboard_resources/local_setup.bash
[2.614s] -- Up-to-date: /home/leo/A_rmf_tests/install/rmf_demos_dashboard_resources/share/rmf_demos_dashboard_resources/local_setup.sh
[2.614s] -- Up-to-date: /home/leo/A_rmf_tests/install/rmf_demos_dashboard_resources/share/rmf_demos_dashboard_resources/local_setup.zsh
[2.614s] -- Installing: /home/leo/A_rmf_tests/install/rmf_demos_dashboard_resources/share/rmf_demos_dashboard_resources/local_setup.dsv
[2.614s] -- Installing: /home/leo/A_rmf_tests/install/rmf_demos_dashboard_resources/share/rmf_demos_dashboard_resources/package.dsv
[2.615s] -- Up-to-date: /home/leo/A_rmf_tests/install/rmf_demos_dashboard_resources/share/ament_index/resource_index/packages/rmf_demos_dashboard_resources
[2.615s] -- Up-to-date: /home/leo/A_rmf_tests/install/rmf_demos_dashboard_resources/share/rmf_demos_dashboard_resources/cmake/rmf_demos_dashboard_resourcesConfig.cmake
[2.615s] -- Up-to-date: /home/leo/A_rmf_tests/install/rmf_demos_dashboard_resources/share/rmf_demos_dashboard_resources/cmake/rmf_demos_dashboard_resourcesConfig-version.cmake
[2.615s] -- Up-to-date: /home/leo/A_rmf_tests/install/rmf_demos_dashboard_resources/share/rmf_demos_dashboard_resources/package.xml
[2.615s] -- Up-to-date: /home/leo/A_rmf_tests/install/rmf_demos_dashboard_resources/share/rmf_demos_dashboard_resources/airport_terminal
[2.616s] -- Up-to-date: /home/leo/A_rmf_tests/install/rmf_demos_dashboard_resources/share/rmf_demos_dashboard_resources/airport_terminal/dashboard_config.json
[2.616s] -- Installing: /home/leo/A_rmf_tests/install/rmf_demos_dashboard_resources/share/rmf_demos_dashboard_resources/airport_terminal/main.json
[2.616s] -- Up-to-date: /home/leo/A_rmf_tests/install/rmf_demos_dashboard_resources/share/rmf_demos_dashboard_resources/airport_terminal/icons
[2.616s] -- Up-to-date: /home/leo/A_rmf_tests/install/rmf_demos_dashboard_resources/share/rmf_demos_dashboard_resources/airport_terminal/icons/cleanerBotE.png
[2.616s] -- Up-to-date: /home/leo/A_rmf_tests/install/rmf_demos_dashboard_resources/share/rmf_demos_dashboard_resources/airport_terminal/icons/deliveryRobot.png
[2.616s] -- Up-to-date: /home/leo/A_rmf_tests/install/rmf_demos_dashboard_resources/share/rmf_demos_dashboard_resources/airport_terminal/icons/cleanerBotA.png
[2.616s] -- Up-to-date: /home/leo/A_rmf_tests/install/rmf_demos_dashboard_resources/share/rmf_demos_dashboard_resources/airport_terminal/icons/caddy.png
[2.616s] -- Up-to-date: /home/leo/A_rmf_tests/install/rmf_demos_dashboard_resources/share/rmf_demos_dashboard_resources/airport_terminal/icons/tinyRobot.png
[2.616s] -- Up-to-date: /home/leo/A_rmf_tests/install/rmf_demos_dashboard_resources/share/rmf_demos_dashboard_resources/airport_terminal/icons/headerLogo.png
[2.616s] -- Up-to-date: /home/leo/A_rmf_tests/install/rmf_demos_dashboard_resources/share/rmf_demos_dashboard_resources/office
[2.617s] -- Up-to-date: /home/leo/A_rmf_tests/install/rmf_demos_dashboard_resources/share/rmf_demos_dashboard_resources/office/dashboard_config.json
[2.617s] -- Installing: /home/leo/A_rmf_tests/install/rmf_demos_dashboard_resources/share/rmf_demos_dashboard_resources/office/main.json
[2.617s] -- Up-to-date: /home/leo/A_rmf_tests/install/rmf_demos_dashboard_resources/share/rmf_demos_dashboard_resources/office/icons
[2.617s] -- Up-to-date: /home/leo/A_rmf_tests/install/rmf_demos_dashboard_resources/share/rmf_demos_dashboard_resources/office/icons/deliveryRobot.png
[2.617s] -- Up-to-date: /home/leo/A_rmf_tests/install/rmf_demos_dashboard_resources/share/rmf_demos_dashboard_resources/office/icons/humanIcon.png
[2.617s] -- Up-to-date: /home/leo/A_rmf_tests/install/rmf_demos_dashboard_resources/share/rmf_demos_dashboard_resources/office/icons/fridge.png
[2.617s] -- Up-to-date: /home/leo/A_rmf_tests/install/rmf_demos_dashboard_resources/share/rmf_demos_dashboard_resources/office/icons/tinyRobot.png
[2.617s] -- Up-to-date: /home/leo/A_rmf_tests/install/rmf_demos_dashboard_resources/share/rmf_demos_dashboard_resources/office/icons/roshealth-logo-blue.png
[2.617s] -- Up-to-date: /home/leo/A_rmf_tests/install/rmf_demos_dashboard_resources/share/rmf_demos_dashboard_resources/office/icons/headerLogo.png
[2.617s] -- Up-to-date: /home/leo/A_rmf_tests/install/rmf_demos_dashboard_resources/share/rmf_demos_dashboard_resources/hotel
[2.618s] -- Up-to-date: /home/leo/A_rmf_tests/install/rmf_demos_dashboard_resources/share/rmf_demos_dashboard_resources/hotel/dashboard_config.json
[2.618s] -- Installing: /home/leo/A_rmf_tests/install/rmf_demos_dashboard_resources/share/rmf_demos_dashboard_resources/hotel/main.json
[2.618s] -- Up-to-date: /home/leo/A_rmf_tests/install/rmf_demos_dashboard_resources/share/rmf_demos_dashboard_resources/hotel/icons
[2.618s] -- Up-to-date: /home/leo/A_rmf_tests/install/rmf_demos_dashboard_resources/share/rmf_demos_dashboard_resources/hotel/icons/deliveryRobot.png
[2.636s] -- Up-to-date: /home/leo/A_rmf_tests/install/rmf_demos_dashboard_resources/share/rmf_demos_dashboard_resources/hotel/icons/cleanerBotA.png
[2.636s] -- Up-to-date: /home/leo/A_rmf_tests/install/rmf_demos_dashboard_resources/share/rmf_demos_dashboard_resources/hotel/icons/tinyRobot.png
[2.636s] -- Up-to-date: /home/leo/A_rmf_tests/install/rmf_demos_dashboard_resources/share/rmf_demos_dashboard_resources/hotel/icons/headerLogo.png
[2.636s] -- Up-to-date: /home/leo/A_rmf_tests/install/rmf_demos_dashboard_resources/share/rmf_demos_dashboard_resources/clinic
[2.636s] -- Up-to-date: /home/leo/A_rmf_tests/install/rmf_demos_dashboard_resources/share/rmf_demos_dashboard_resources/clinic/dashboard_config.json
[2.636s] -- Installing: /home/leo/A_rmf_tests/install/rmf_demos_dashboard_resources/share/rmf_demos_dashboard_resources/clinic/main.json
[2.636s] -- Installing: /home/leo/A_rmf_tests/install/rmf_demos_dashboard_resources/share/rmf_demos_dashboard_resources/testA
[2.636s] -- Installing: /home/leo/A_rmf_tests/install/rmf_demos_dashboard_resources/share/rmf_demos_dashboard_resources/testA/dashboard_config.json
[2.636s] -- Installing: /home/leo/A_rmf_tests/install/rmf_demos_dashboard_resources/share/rmf_demos_dashboard_resources/testA/main.json
[2.637s] -- Installing: /home/leo/A_rmf_tests/install/rmf_demos_dashboard_resources/share/rmf_demos_dashboard_resources/testA/icons
[2.637s] -- Installing: /home/leo/A_rmf_tests/install/rmf_demos_dashboard_resources/share/rmf_demos_dashboard_resources/testA/icons/tinyRobot.png
[2.637s] -- Installing: /home/leo/A_rmf_tests/install/rmf_demos_dashboard_resources/share/rmf_demos_dashboard_resources/testA/icons/roshealth-logo-blue.png
[2.637s] -- Installing: /home/leo/A_rmf_tests/install/rmf_demos_dashboard_resources/share/rmf_demos_dashboard_resources/testA/icons/headerLogo.png
[2.637s] Invoked command in '/home/leo/A_rmf_tests/build/rmf_demos_dashboard_resources' returned '0': CMAKE_PREFIX_PATH=${CMAKE_PREFIX_PATH}:/home/leo/A_rmf_tests/install/rmf_demos_tasks:/home/leo/A_rmf_tests/install/rmf_demos_panel:/home/leo/A_rmf_tests/install/rmf_demos_fleet_adapter:/home/leo/A_rmf_tests/install/rmf_demos_bridges:/home/leo/tfg_leo_ws/install/rmf_v2:/home/leo/tfg_leo_ws/install/prueba_oklk:/opt/ros/humble /usr/bin/cmake --install /home/leo/A_rmf_tests/build/rmf_demos_dashboard_resources
