running egg_info
writing ../../../build/rmf_demos_bridges/rmf_demos_bridges.egg-info/PKG-INFO
writing dependency_links to ../../../build/rmf_demos_bridges/rmf_demos_bridges.egg-info/dependency_links.txt
writing entry points to ../../../build/rmf_demos_bridges/rmf_demos_bridges.egg-info/entry_points.txt
writing requirements to ../../../build/rmf_demos_bridges/rmf_demos_bridges.egg-info/requires.txt
writing top-level names to ../../../build/rmf_demos_bridges/rmf_demos_bridges.egg-info/top_level.txt
reading manifest file '../../../build/rmf_demos_bridges/rmf_demos_bridges.egg-info/SOURCES.txt'
writing manifest file '../../../build/rmf_demos_bridges/rmf_demos_bridges.egg-info/SOURCES.txt'
running build
running build_py
running install
running install_lib
running install_data
running install_egg_info
removing '/home/leo/A_rmf_tests/install/rmf_demos_bridges/lib/python3.10/site-packages/rmf_demos_bridges-2.2.2-py3.10.egg-info' (and everything under it)
Copying ../../../build/rmf_demos_bridges/rmf_demos_bridges.egg-info to /home/leo/A_rmf_tests/install/rmf_demos_bridges/lib/python3.10/site-packages/rmf_demos_bridges-2.2.2-py3.10.egg-info
running install_scripts
Installing fleet_robotmanager_mqtt_bridge script to /home/leo/A_rmf_tests/install/rmf_demos_bridges/lib/rmf_demos_bridges
Installing fleet_socketio_bridge script to /home/leo/A_rmf_tests/install/rmf_demos_bridges/lib/rmf_demos_bridges
writing list of installed files to '/home/leo/A_rmf_tests/build/rmf_demos_bridges/install.log'
