[4.381s] Invoking command in '/home/leo/A_rmf_tests/src/rmf_demos/rmf_demos_bridges': PYTHONPATH=/home/leo/A_rmf_tests/build/rmf_demos_bridges/prefix_override:/home/leo/A_rmf_tests/install/rmf_demos_bridges/lib/python3.10/site-packages:${PYTHONPATH} /usr/bin/python3 setup.py egg_info --egg-base ../../../build/rmf_demos_bridges build --build-base /home/leo/A_rmf_tests/build/rmf_demos_bridges/build install --record /home/leo/A_rmf_tests/build/rmf_demos_bridges/install.log --single-version-externally-managed
[4.919s] running egg_info
[4.948s] writing ../../../build/rmf_demos_bridges/rmf_demos_bridges.egg-info/PKG-INFO
[4.949s] writing dependency_links to ../../../build/rmf_demos_bridges/rmf_demos_bridges.egg-info/dependency_links.txt
[4.949s] writing entry points to ../../../build/rmf_demos_bridges/rmf_demos_bridges.egg-info/entry_points.txt
[4.949s] writing requirements to ../../../build/rmf_demos_bridges/rmf_demos_bridges.egg-info/requires.txt
[4.949s] writing top-level names to ../../../build/rmf_demos_bridges/rmf_demos_bridges.egg-info/top_level.txt
[5.006s] reading manifest file '../../../build/rmf_demos_bridges/rmf_demos_bridges.egg-info/SOURCES.txt'
[5.007s] writing manifest file '../../../build/rmf_demos_bridges/rmf_demos_bridges.egg-info/SOURCES.txt'
[5.008s] running build
[5.008s] running build_py
[5.008s] running install
[5.009s] /home/leo/.local/lib/python3.10/site-packages/setuptools/_distutils/cmd.py:66: SetuptoolsDeprecationWarning: setup.py install is deprecated.
[5.009s] !!
[5.009s] 
[5.009s]         ********************************************************************************
[5.009s]         Please avoid running ``setup.py`` directly.
[5.009s]         Instead, use pypa/build, pypa/installer or other
[5.009s]         standards-based tools.
[5.009s] 
[5.009s]         See https://blog.ganssle.io/articles/2021/10/setup-py-deprecated.html for details.
[5.009s]         ********************************************************************************
[5.010s] 
[5.010s] !!
[5.010s]   self.initialize_options()
[5.019s] running install_lib
[5.050s] running install_data
[5.078s] running install_egg_info
[5.108s] removing '/home/leo/A_rmf_tests/install/rmf_demos_bridges/lib/python3.10/site-packages/rmf_demos_bridges-2.2.2-py3.10.egg-info' (and everything under it)
[5.108s] Copying ../../../build/rmf_demos_bridges/rmf_demos_bridges.egg-info to /home/leo/A_rmf_tests/install/rmf_demos_bridges/lib/python3.10/site-packages/rmf_demos_bridges-2.2.2-py3.10.egg-info
[5.109s] running install_scripts
[5.418s] Installing fleet_robotmanager_mqtt_bridge script to /home/leo/A_rmf_tests/install/rmf_demos_bridges/lib/rmf_demos_bridges
[5.418s] Installing fleet_socketio_bridge script to /home/leo/A_rmf_tests/install/rmf_demos_bridges/lib/rmf_demos_bridges
[5.419s] writing list of installed files to '/home/leo/A_rmf_tests/build/rmf_demos_bridges/install.log'
[5.460s] Invoked command in '/home/leo/A_rmf_tests/src/rmf_demos/rmf_demos_bridges' returned '0': PYTHONPATH=/home/leo/A_rmf_tests/build/rmf_demos_bridges/prefix_override:/home/leo/A_rmf_tests/install/rmf_demos_bridges/lib/python3.10/site-packages:${PYTHONPATH} /usr/bin/python3 setup.py egg_info --egg-base ../../../build/rmf_demos_bridges build --build-base /home/leo/A_rmf_tests/build/rmf_demos_bridges/build install --record /home/leo/A_rmf_tests/build/rmf_demos_bridges/install.log --single-version-externally-managed
