[0.419s] Invoking command in '/home/leo/A_rmf_tests/build/rmf_demos_assets': CMAKE_PREFIX_PATH=${CMAKE_PREFIX_PATH}:/home/leo/A_rmf_tests/install/rmf_demos_tasks:/home/leo/A_rmf_tests/install/rmf_demos_panel:/home/leo/A_rmf_tests/install/rmf_demos_fleet_adapter:/home/leo/A_rmf_tests/install/rmf_demos_bridges:/home/leo/tfg_leo_ws/install/rmf_v2:/home/leo/tfg_leo_ws/install/prueba_oklk:/opt/ros/humble /usr/bin/cmake --build /home/leo/A_rmf_tests/build/rmf_demos_assets -- -j8 -l8
[1.333s] Invoked command in '/home/leo/A_rmf_tests/build/rmf_demos_assets' returned '0': CMAKE_PREFIX_PATH=${CMAKE_PREFIX_PATH}:/home/leo/A_rmf_tests/install/rmf_demos_tasks:/home/leo/A_rmf_tests/install/rmf_demos_panel:/home/leo/A_rmf_tests/install/rmf_demos_fleet_adapter:/home/leo/A_rmf_tests/install/rmf_demos_bridges:/home/leo/tfg_leo_ws/install/rmf_v2:/home/leo/tfg_leo_ws/install/prueba_oklk:/opt/ros/humble /usr/bin/cmake --build /home/leo/A_rmf_tests/build/rmf_demos_assets -- -j8 -l8
[1.972s] Invoking command in '/home/leo/A_rmf_tests/build/rmf_demos_assets': CMAKE_PREFIX_PATH=${CMAKE_PREFIX_PATH}:/home/leo/A_rmf_tests/install/rmf_demos_tasks:/home/leo/A_rmf_tests/install/rmf_demos_panel:/home/leo/A_rmf_tests/install/rmf_demos_fleet_adapter:/home/leo/A_rmf_tests/install/rmf_demos_bridges:/home/leo/tfg_leo_ws/install/rmf_v2:/home/leo/tfg_leo_ws/install/prueba_oklk:/opt/ros/humble /usr/bin/cmake --install /home/leo/A_rmf_tests/build/rmf_demos_assets
[2.021s] -- Install configuration: ""
[2.021s] -- Up-to-date: /home/leo/A_rmf_tests/install/rmf_demos_assets/share/rmf_demos_assets/models
[2.021s] -- Up-to-date: /home/leo/A_rmf_tests/install/rmf_demos_assets/share/rmf_demos_assets/models/TinyRobot
[2.021s] -- Up-to-date: /home/leo/A_rmf_tests/install/rmf_demos_assets/share/rmf_demos_assets/models/TinyRobot/meshes
[2.021s] -- Up-to-date: /home/leo/A_rmf_tests/install/rmf_demos_assets/share/rmf_demos_assets/models/TinyRobot/meshes/sensors
[2.021s] -- Up-to-date: /home/leo/A_rmf_tests/install/rmf_demos_assets/share/rmf_demos_assets/models/TinyRobot/meshes/sensors/raspi_camera.dae
[2.021s] -- Up-to-date: /home/leo/A_rmf_tests/install/rmf_demos_assets/share/rmf_demos_assets/models/TinyRobot/meshes/sensors/sonar_hc-sr04.dae
[2.021s] -- Up-to-date: /home/leo/A_rmf_tests/install/rmf_demos_assets/share/rmf_demos_assets/models/TinyRobot/meshes/caster_wheel.dae
[2.021s] -- Up-to-date: /home/leo/A_rmf_tests/install/rmf_demos_assets/share/rmf_demos_assets/models/TinyRobot/meshes/front_wheel.dae
[2.021s] -- Up-to-date: /home/leo/A_rmf_tests/install/rmf_demos_assets/share/rmf_demos_assets/models/TinyRobot/meshes/tinyRobot_body.dae
[2.021s] -- Up-to-date: /home/leo/A_rmf_tests/install/rmf_demos_assets/share/rmf_demos_assets/models/TinyRobot/model.sdf
[2.022s] -- Up-to-date: /home/leo/A_rmf_tests/install/rmf_demos_assets/share/rmf_demos_assets/models/TinyRobot/model.config
[2.022s] -- Up-to-date: /home/leo/A_rmf_tests/install/rmf_demos_assets/share/rmf_demos_assets/models/CleanerBotA
[2.022s] -- Up-to-date: /home/leo/A_rmf_tests/install/rmf_demos_assets/share/rmf_demos_assets/models/CleanerBotA/meshes
[2.022s] -- Up-to-date: /home/leo/A_rmf_tests/install/rmf_demos_assets/share/rmf_demos_assets/models/CleanerBotA/meshes/CleanerBotA_WheelBack.mtl
[2.022s] -- Up-to-date: /home/leo/A_rmf_tests/install/rmf_demos_assets/share/rmf_demos_assets/models/CleanerBotA/meshes/CleanerBotA.obj
[2.022s] -- Up-to-date: /home/leo/A_rmf_tests/install/rmf_demos_assets/share/rmf_demos_assets/models/CleanerBotA/meshes/CleanerBotA_WheelFront.mtl
[2.022s] -- Up-to-date: /home/leo/A_rmf_tests/install/rmf_demos_assets/share/rmf_demos_assets/models/CleanerBotA/meshes/CleanerBotA.mtl
[2.022s] -- Up-to-date: /home/leo/A_rmf_tests/install/rmf_demos_assets/share/rmf_demos_assets/models/CleanerBotA/meshes/CleanerBotA_WheelBack.obj
[2.022s] -- Up-to-date: /home/leo/A_rmf_tests/install/rmf_demos_assets/share/rmf_demos_assets/models/CleanerBotA/meshes/CleanerBotA_WheelFront.obj
[2.022s] -- Up-to-date: /home/leo/A_rmf_tests/install/rmf_demos_assets/share/rmf_demos_assets/models/CleanerBotA/meshes/CleanerBotA_Diffuse.png
[2.022s] -- Up-to-date: /home/leo/A_rmf_tests/install/rmf_demos_assets/share/rmf_demos_assets/models/CleanerBotA/model.sdf
[2.022s] -- Up-to-date: /home/leo/A_rmf_tests/install/rmf_demos_assets/share/rmf_demos_assets/models/CleanerBotA/model.config
[2.022s] -- Up-to-date: /home/leo/A_rmf_tests/install/rmf_demos_assets/share/rmf_demos_assets/models/DeliveryRobot
[2.023s] -- Up-to-date: /home/leo/A_rmf_tests/install/rmf_demos_assets/share/rmf_demos_assets/models/DeliveryRobot/meshes
[2.023s] -- Up-to-date: /home/leo/A_rmf_tests/install/rmf_demos_assets/share/rmf_demos_assets/models/DeliveryRobot/meshes/WheelSide.obj
[2.023s] -- Up-to-date: /home/leo/A_rmf_tests/install/rmf_demos_assets/share/rmf_demos_assets/models/DeliveryRobot/meshes/DeliveryRobot_Diffuse.png
[2.023s] -- Up-to-date: /home/leo/A_rmf_tests/install/rmf_demos_assets/share/rmf_demos_assets/models/DeliveryRobot/meshes/WheelMain.obj
[2.023s] -- Up-to-date: /home/leo/A_rmf_tests/install/rmf_demos_assets/share/rmf_demos_assets/models/DeliveryRobot/meshes/WheelSide.mtl
[2.023s] -- Up-to-date: /home/leo/A_rmf_tests/install/rmf_demos_assets/share/rmf_demos_assets/models/DeliveryRobot/meshes/WheelMain.mtl
[2.023s] -- Up-to-date: /home/leo/A_rmf_tests/install/rmf_demos_assets/share/rmf_demos_assets/models/DeliveryRobot/meshes/body.mtl
[2.023s] -- Up-to-date: /home/leo/A_rmf_tests/install/rmf_demos_assets/share/rmf_demos_assets/models/DeliveryRobot/meshes/body.obj
[2.023s] -- Up-to-date: /home/leo/A_rmf_tests/install/rmf_demos_assets/share/rmf_demos_assets/models/DeliveryRobot/model.sdf
[2.023s] -- Up-to-date: /home/leo/A_rmf_tests/install/rmf_demos_assets/share/rmf_demos_assets/models/DeliveryRobot/model.config
[2.024s] -- Up-to-date: /home/leo/A_rmf_tests/install/rmf_demos_assets/share/rmf_demos_assets/models/HospitalRobot
[2.025s] -- Up-to-date: /home/leo/A_rmf_tests/install/rmf_demos_assets/share/rmf_demos_assets/models/HospitalRobot/meshes
[2.025s] -- Up-to-date: /home/leo/A_rmf_tests/install/rmf_demos_assets/share/rmf_demos_assets/models/HospitalRobot/meshes/FatWheel.obj
[2.025s] -- Up-to-date: /home/leo/A_rmf_tests/install/rmf_demos_assets/share/rmf_demos_assets/models/HospitalRobot/meshes/HospitalRobot_Diffuse.png
[2.025s] -- Up-to-date: /home/leo/A_rmf_tests/install/rmf_demos_assets/share/rmf_demos_assets/models/HospitalRobot/meshes/SmallWheel.mtl
[2.025s] -- Up-to-date: /home/leo/A_rmf_tests/install/rmf_demos_assets/share/rmf_demos_assets/models/HospitalRobot/meshes/HospitalRobot.mtl
[2.025s] -- Up-to-date: /home/leo/A_rmf_tests/install/rmf_demos_assets/share/rmf_demos_assets/models/HospitalRobot/meshes/HospitalRobot.obj
[2.025s] -- Up-to-date: /home/leo/A_rmf_tests/install/rmf_demos_assets/share/rmf_demos_assets/models/HospitalRobot/meshes/FatWheel.mtl
[2.026s] -- Up-to-date: /home/leo/A_rmf_tests/install/rmf_demos_assets/share/rmf_demos_assets/models/HospitalRobot/meshes/SmallWheel.obj
[2.026s] -- Up-to-date: /home/leo/A_rmf_tests/install/rmf_demos_assets/share/rmf_demos_assets/models/HospitalRobot/model.sdf
[2.026s] -- Up-to-date: /home/leo/A_rmf_tests/install/rmf_demos_assets/share/rmf_demos_assets/models/HospitalRobot/thumbnails
[2.026s] -- Up-to-date: /home/leo/A_rmf_tests/install/rmf_demos_assets/share/rmf_demos_assets/models/HospitalRobot/thumbnails/4.png
[2.026s] -- Up-to-date: /home/leo/A_rmf_tests/install/rmf_demos_assets/share/rmf_demos_assets/models/HospitalRobot/thumbnails/3.png
[2.027s] -- Up-to-date: /home/leo/A_rmf_tests/install/rmf_demos_assets/share/rmf_demos_assets/models/HospitalRobot/thumbnails/5.png
[2.027s] -- Up-to-date: /home/leo/A_rmf_tests/install/rmf_demos_assets/share/rmf_demos_assets/models/HospitalRobot/thumbnails/1.png
[2.027s] -- Up-to-date: /home/leo/A_rmf_tests/install/rmf_demos_assets/share/rmf_demos_assets/models/HospitalRobot/thumbnails/2.png
[2.027s] -- Up-to-date: /home/leo/A_rmf_tests/install/rmf_demos_assets/share/rmf_demos_assets/models/HospitalRobot/model.config
[2.027s] -- Up-to-date: /home/leo/A_rmf_tests/install/rmf_demos_assets/share/rmf_demos_assets/models/RobotPlaceholder
[2.028s] -- Up-to-date: /home/leo/A_rmf_tests/install/rmf_demos_assets/share/rmf_demos_assets/models/RobotPlaceholder/model.sdf
[2.028s] -- Up-to-date: /home/leo/A_rmf_tests/install/rmf_demos_assets/share/rmf_demos_assets/models/RobotPlaceholder/model.config
[2.028s] -- Up-to-date: /home/leo/A_rmf_tests/install/rmf_demos_assets/share/rmf_demos_assets/models/CleanerBotE
[2.028s] -- Up-to-date: /home/leo/A_rmf_tests/install/rmf_demos_assets/share/rmf_demos_assets/models/CleanerBotE/meshes
[2.028s] -- Up-to-date: /home/leo/A_rmf_tests/install/rmf_demos_assets/share/rmf_demos_assets/models/CleanerBotE/meshes/CleanerBotE_Wheel.obj
[2.028s] -- Up-to-date: /home/leo/A_rmf_tests/install/rmf_demos_assets/share/rmf_demos_assets/models/CleanerBotE/meshes/CleanerBotE.mtl
[2.028s] -- Up-to-date: /home/leo/A_rmf_tests/install/rmf_demos_assets/share/rmf_demos_assets/models/CleanerBotE/meshes/CleanerBotE_Wheel.mtl
[2.028s] -- Up-to-date: /home/leo/A_rmf_tests/install/rmf_demos_assets/share/rmf_demos_assets/models/CleanerBotE/meshes/CleanerBotE_Diffuse.png
[2.028s] -- Up-to-date: /home/leo/A_rmf_tests/install/rmf_demos_assets/share/rmf_demos_assets/models/CleanerBotE/meshes/CleanerBotE_Col.obj
[2.029s] -- Up-to-date: /home/leo/A_rmf_tests/install/rmf_demos_assets/share/rmf_demos_assets/models/CleanerBotE/meshes/CleanerBotE_Col.mtl
[2.029s] -- Up-to-date: /home/leo/A_rmf_tests/install/rmf_demos_assets/share/rmf_demos_assets/models/CleanerBotE/meshes/CleanerBotE.obj
[2.029s] -- Up-to-date: /home/leo/A_rmf_tests/install/rmf_demos_assets/share/rmf_demos_assets/models/CleanerBotE/model.sdf
[2.029s] -- Up-to-date: /home/leo/A_rmf_tests/install/rmf_demos_assets/share/rmf_demos_assets/models/CleanerBotE/model.config
[2.029s] -- Up-to-date: /home/leo/A_rmf_tests/install/rmf_demos_assets/share/rmf_demos_assets/models/Caddy
[2.029s] -- Up-to-date: /home/leo/A_rmf_tests/install/rmf_demos_assets/share/rmf_demos_assets/models/Caddy/model-1_4.sdf
[2.029s] -- Up-to-date: /home/leo/A_rmf_tests/install/rmf_demos_assets/share/rmf_demos_assets/models/Caddy/meshes
[2.030s] -- Up-to-date: /home/leo/A_rmf_tests/install/rmf_demos_assets/share/rmf_demos_assets/models/Caddy/meshes/polaris.dae
[2.030s] -- Up-to-date: /home/leo/A_rmf_tests/install/rmf_demos_assets/share/rmf_demos_assets/models/Caddy/model.sdf
[2.030s] -- Up-to-date: /home/leo/A_rmf_tests/install/rmf_demos_assets/share/rmf_demos_assets/models/Caddy/materials
[2.030s] -- Up-to-date: /home/leo/A_rmf_tests/install/rmf_demos_assets/share/rmf_demos_assets/models/Caddy/materials/textures
[2.030s] -- Up-to-date: /home/leo/A_rmf_tests/install/rmf_demos_assets/share/rmf_demos_assets/models/Caddy/materials/textures/Ranger_Spec.png
[2.031s] -- Up-to-date: /home/leo/A_rmf_tests/install/rmf_demos_assets/share/rmf_demos_assets/models/Caddy/materials/textures/FNR_switch_F.png
[2.031s] -- Up-to-date: /home/leo/A_rmf_tests/install/rmf_demos_assets/share/rmf_demos_assets/models/Caddy/materials/textures/Ranger_Diffuse.png
[2.031s] -- Up-to-date: /home/leo/A_rmf_tests/install/rmf_demos_assets/share/rmf_demos_assets/models/Caddy/materials/textures/FNR_switch_R.png
[2.041s] -- Up-to-date: /home/leo/A_rmf_tests/install/rmf_demos_assets/share/rmf_demos_assets/models/Caddy/materials/scripts
[2.043s] -- Up-to-date: /home/leo/A_rmf_tests/install/rmf_demos_assets/share/rmf_demos_assets/models/Caddy/materials/scripts/polaris.material
[2.043s] -- Up-to-date: /home/leo/A_rmf_tests/install/rmf_demos_assets/share/rmf_demos_assets/models/Caddy/model-1_3.sdf
[2.043s] -- Up-to-date: /home/leo/A_rmf_tests/install/rmf_demos_assets/share/rmf_demos_assets/models/Caddy/model.config
[2.043s] -- Up-to-date: /home/leo/A_rmf_tests/install/rmf_demos_assets/share/rmf_demos_assets/models/TeleportDispenser
[2.043s] -- Up-to-date: /home/leo/A_rmf_tests/install/rmf_demos_assets/share/rmf_demos_assets/models/TeleportDispenser/model.sdf
[2.044s] -- Up-to-date: /home/leo/A_rmf_tests/install/rmf_demos_assets/share/rmf_demos_assets/models/TeleportDispenser/model.config
[2.044s] -- Up-to-date: /home/leo/A_rmf_tests/install/rmf_demos_assets/share/rmf_demos_assets/models/TeleportIngestor
[2.044s] -- Up-to-date: /home/leo/A_rmf_tests/install/rmf_demos_assets/share/rmf_demos_assets/models/TeleportIngestor/model.sdf
[2.044s] -- Up-to-date: /home/leo/A_rmf_tests/install/rmf_demos_assets/share/rmf_demos_assets/models/TeleportIngestor/model.config
[2.044s] -- Up-to-date: /home/leo/A_rmf_tests/install/rmf_demos_assets/share/ament_index/resource_index/package_run_dependencies/rmf_demos_assets
[2.044s] -- Up-to-date: /home/leo/A_rmf_tests/install/rmf_demos_assets/share/ament_index/resource_index/parent_prefix_path/rmf_demos_assets
[2.044s] -- Up-to-date: /home/leo/A_rmf_tests/install/rmf_demos_assets/share/rmf_demos_assets/environment/ament_prefix_path.sh
[2.044s] -- Up-to-date: /home/leo/A_rmf_tests/install/rmf_demos_assets/share/rmf_demos_assets/environment/ament_prefix_path.dsv
[2.044s] -- Up-to-date: /home/leo/A_rmf_tests/install/rmf_demos_assets/share/rmf_demos_assets/environment/path.sh
[2.044s] -- Up-to-date: /home/leo/A_rmf_tests/install/rmf_demos_assets/share/rmf_demos_assets/environment/path.dsv
[2.044s] -- Up-to-date: /home/leo/A_rmf_tests/install/rmf_demos_assets/share/rmf_demos_assets/local_setup.bash
[2.044s] -- Up-to-date: /home/leo/A_rmf_tests/install/rmf_demos_assets/share/rmf_demos_assets/local_setup.sh
[2.045s] -- Up-to-date: /home/leo/A_rmf_tests/install/rmf_demos_assets/share/rmf_demos_assets/local_setup.zsh
[2.045s] -- Up-to-date: /home/leo/A_rmf_tests/install/rmf_demos_assets/share/rmf_demos_assets/local_setup.dsv
[2.045s] -- Installing: /home/leo/A_rmf_tests/install/rmf_demos_assets/share/rmf_demos_assets/package.dsv
[2.045s] -- Up-to-date: /home/leo/A_rmf_tests/install/rmf_demos_assets/share/ament_index/resource_index/packages/rmf_demos_assets
[2.045s] -- Up-to-date: /home/leo/A_rmf_tests/install/rmf_demos_assets/share/rmf_demos_assets/cmake/rmf_demos_assetsConfig.cmake
[2.045s] -- Up-to-date: /home/leo/A_rmf_tests/install/rmf_demos_assets/share/rmf_demos_assets/cmake/rmf_demos_assetsConfig-version.cmake
[2.045s] -- Up-to-date: /home/leo/A_rmf_tests/install/rmf_demos_assets/share/rmf_demos_assets/package.xml
[2.045s] Invoked command in '/home/leo/A_rmf_tests/build/rmf_demos_assets' returned '0': CMAKE_PREFIX_PATH=${CMAKE_PREFIX_PATH}:/home/leo/A_rmf_tests/install/rmf_demos_tasks:/home/leo/A_rmf_tests/install/rmf_demos_panel:/home/leo/A_rmf_tests/install/rmf_demos_fleet_adapter:/home/leo/A_rmf_tests/install/rmf_demos_bridges:/home/leo/tfg_leo_ws/install/rmf_v2:/home/leo/tfg_leo_ws/install/prueba_oklk:/opt/ros/humble /usr/bin/cmake --install /home/leo/A_rmf_tests/build/rmf_demos_assets
