[2.977s] Invoking command in '/home/leo/A_rmf_tests/src/rmf_demos/rmf_demos_fleet_adapter': PYTHONPATH=/home/leo/A_rmf_tests/build/rmf_demos_fleet_adapter/prefix_override:/home/leo/A_rmf_tests/install/rmf_demos_fleet_adapter/lib/python3.10/site-packages:${PYTHONPATH} /usr/bin/python3 setup.py egg_info --egg-base ../../../build/rmf_demos_fleet_adapter build --build-base /home/leo/A_rmf_tests/build/rmf_demos_fleet_adapter/build install --record /home/leo/A_rmf_tests/build/rmf_demos_fleet_adapter/install.log --single-version-externally-managed
[3.873s] running egg_info
[3.874s] writing ../../../build/rmf_demos_fleet_adapter/rmf_demos_fleet_adapter.egg-info/PKG-INFO
[3.874s] writing dependency_links to ../../../build/rmf_demos_fleet_adapter/rmf_demos_fleet_adapter.egg-info/dependency_links.txt
[3.874s] writing entry points to ../../../build/rmf_demos_fleet_adapter/rmf_demos_fleet_adapter.egg-info/entry_points.txt
[3.874s] writing requirements to ../../../build/rmf_demos_fleet_adapter/rmf_demos_fleet_adapter.egg-info/requires.txt
[3.874s] writing top-level names to ../../../build/rmf_demos_fleet_adapter/rmf_demos_fleet_adapter.egg-info/top_level.txt
[3.879s] /home/leo/.local/lib/python3.10/site-packages/setuptools/_distutils/cmd.py:66: SetuptoolsDeprecationWarning: setup.py install is deprecated.
[3.879s] !!
[3.879s] 
[3.879s]         ********************************************************************************
[3.879s]         Please avoid running ``setup.py`` directly.
[3.879s]         Instead, use pypa/build, pypa/installer or other
[3.879s]         standards-based tools.
[3.879s] 
[3.879s]         See https://blog.ganssle.io/articles/2021/10/setup-py-deprecated.html for details.
[3.879s]         ********************************************************************************
[3.879s] 
[3.879s] !!
[3.880s]   self.initialize_options()
[3.897s] reading manifest file '../../../build/rmf_demos_fleet_adapter/rmf_demos_fleet_adapter.egg-info/SOURCES.txt'
[3.897s] writing manifest file '../../../build/rmf_demos_fleet_adapter/rmf_demos_fleet_adapter.egg-info/SOURCES.txt'
[3.897s] running build
[3.897s] running build_py
[3.897s] running install
[3.897s] running install_lib
[3.897s] running install_data
[3.902s] running install_egg_info
[3.953s] removing '/home/leo/A_rmf_tests/install/rmf_demos_fleet_adapter/lib/python3.10/site-packages/rmf_demos_fleet_adapter-2.2.2-py3.10.egg-info' (and everything under it)
[3.953s] Copying ../../../build/rmf_demos_fleet_adapter/rmf_demos_fleet_adapter.egg-info to /home/leo/A_rmf_tests/install/rmf_demos_fleet_adapter/lib/python3.10/site-packages/rmf_demos_fleet_adapter-2.2.2-py3.10.egg-info
[3.953s] running install_scripts
[4.233s] Installing easy_fleet_adapter script to /home/leo/A_rmf_tests/install/rmf_demos_fleet_adapter/lib/rmf_demos_fleet_adapter
[4.233s] Installing fleet_adapter script to /home/leo/A_rmf_tests/install/rmf_demos_fleet_adapter/lib/rmf_demos_fleet_adapter
[4.234s] Installing fleet_manager script to /home/leo/A_rmf_tests/install/rmf_demos_fleet_adapter/lib/rmf_demos_fleet_adapter
[4.235s] writing list of installed files to '/home/leo/A_rmf_tests/build/rmf_demos_fleet_adapter/install.log'
[4.717s] Invoked command in '/home/leo/A_rmf_tests/src/rmf_demos/rmf_demos_fleet_adapter' returned '0': PYTHONPATH=/home/leo/A_rmf_tests/build/rmf_demos_fleet_adapter/prefix_override:/home/leo/A_rmf_tests/install/rmf_demos_fleet_adapter/lib/python3.10/site-packages:${PYTHONPATH} /usr/bin/python3 setup.py egg_info --egg-base ../../../build/rmf_demos_fleet_adapter build --build-base /home/leo/A_rmf_tests/build/rmf_demos_fleet_adapter/build install --record /home/leo/A_rmf_tests/build/rmf_demos_fleet_adapter/install.log --single-version-externally-managed
