[4.002s] Invoking command in '/home/leo/A_rmf_tests/src/rmf_demos/rmf_demos_fleet_adapter': PYTHONPATH=/home/leo/A_rmf_tests/build/rmf_demos_fleet_adapter/prefix_override:/home/leo/A_rmf_tests/install/rmf_demos_fleet_adapter/lib/python3.10/site-packages:${PYTHONPATH} /usr/bin/python3 setup.py egg_info --egg-base ../../../build/rmf_demos_fleet_adapter build --build-base /home/leo/A_rmf_tests/build/rmf_demos_fleet_adapter/build install --record /home/leo/A_rmf_tests/build/rmf_demos_fleet_adapter/install.log --single-version-externally-managed
[4.770s] running egg_info
[4.839s] writing ../../../build/rmf_demos_fleet_adapter/rmf_demos_fleet_adapter.egg-info/PKG-INFO
[4.839s] writing dependency_links to ../../../build/rmf_demos_fleet_adapter/rmf_demos_fleet_adapter.egg-info/dependency_links.txt
[4.840s] writing entry points to ../../../build/rmf_demos_fleet_adapter/rmf_demos_fleet_adapter.egg-info/entry_points.txt
[4.840s] writing requirements to ../../../build/rmf_demos_fleet_adapter/rmf_demos_fleet_adapter.egg-info/requires.txt
[4.840s] writing top-level names to ../../../build/rmf_demos_fleet_adapter/rmf_demos_fleet_adapter.egg-info/top_level.txt
[4.907s] reading manifest file '../../../build/rmf_demos_fleet_adapter/rmf_demos_fleet_adapter.egg-info/SOURCES.txt'
[4.909s] writing manifest file '../../../build/rmf_demos_fleet_adapter/rmf_demos_fleet_adapter.egg-info/SOURCES.txt'
[4.909s] running build
[4.909s] running build_py
[4.911s] running install
[4.911s] /home/leo/.local/lib/python3.10/site-packages/setuptools/_distutils/cmd.py:66: SetuptoolsDeprecationWarning: setup.py install is deprecated.
[4.911s] !!
[4.911s] 
[4.911s]         ********************************************************************************
[4.911s]         Please avoid running ``setup.py`` directly.
[4.912s]         Instead, use pypa/build, pypa/installer or other
[4.912s]         standards-based tools.
[4.912s] 
[4.912s]         See https://blog.ganssle.io/articles/2021/10/setup-py-deprecated.html for details.
[4.912s]         ********************************************************************************
[4.912s] 
[4.912s] !!
[4.912s]   self.initialize_options()
[4.935s] running install_lib
[5.002s] running install_data
[5.060s] running install_egg_info
[5.104s] removing '/home/leo/A_rmf_tests/install/rmf_demos_fleet_adapter/lib/python3.10/site-packages/rmf_demos_fleet_adapter-2.2.2-py3.10.egg-info' (and everything under it)
[5.105s] Copying ../../../build/rmf_demos_fleet_adapter/rmf_demos_fleet_adapter.egg-info to /home/leo/A_rmf_tests/install/rmf_demos_fleet_adapter/lib/python3.10/site-packages/rmf_demos_fleet_adapter-2.2.2-py3.10.egg-info
[5.106s] running install_scripts
[5.501s] Installing easy_fleet_adapter script to /home/leo/A_rmf_tests/install/rmf_demos_fleet_adapter/lib/rmf_demos_fleet_adapter
[5.502s] Installing fleet_adapter script to /home/leo/A_rmf_tests/install/rmf_demos_fleet_adapter/lib/rmf_demos_fleet_adapter
[5.502s] Installing fleet_manager script to /home/leo/A_rmf_tests/install/rmf_demos_fleet_adapter/lib/rmf_demos_fleet_adapter
[5.502s] writing list of installed files to '/home/leo/A_rmf_tests/build/rmf_demos_fleet_adapter/install.log'
[5.696s] Invoked command in '/home/leo/A_rmf_tests/src/rmf_demos/rmf_demos_fleet_adapter' returned '0': PYTHONPATH=/home/leo/A_rmf_tests/build/rmf_demos_fleet_adapter/prefix_override:/home/leo/A_rmf_tests/install/rmf_demos_fleet_adapter/lib/python3.10/site-packages:${PYTHONPATH} /usr/bin/python3 setup.py egg_info --egg-base ../../../build/rmf_demos_fleet_adapter build --build-base /home/leo/A_rmf_tests/build/rmf_demos_fleet_adapter/build install --record /home/leo/A_rmf_tests/build/rmf_demos_fleet_adapter/install.log --single-version-externally-managed
