[4.092s] Invoking command in '/home/leo/A_rmf_tests/src/rmf_demos/rmf_demos_fleet_adapter': PYTHONPATH=/home/leo/A_rmf_tests/build/rmf_demos_fleet_adapter/prefix_override:/home/leo/A_rmf_tests/install/rmf_demos_fleet_adapter/lib/python3.10/site-packages:${PYTHONPATH} /usr/bin/python3 setup.py egg_info --egg-base ../../../build/rmf_demos_fleet_adapter build --build-base /home/leo/A_rmf_tests/build/rmf_demos_fleet_adapter/build install --record /home/leo/A_rmf_tests/build/rmf_demos_fleet_adapter/install.log --single-version-externally-managed
[5.112s] running egg_info
[5.112s] writing ../../../build/rmf_demos_fleet_adapter/rmf_demos_fleet_adapter.egg-info/PKG-INFO
[5.112s] writing dependency_links to ../../../build/rmf_demos_fleet_adapter/rmf_demos_fleet_adapter.egg-info/dependency_links.txt
[5.113s] writing entry points to ../../../build/rmf_demos_fleet_adapter/rmf_demos_fleet_adapter.egg-info/entry_points.txt
[5.113s] writing requirements to ../../../build/rmf_demos_fleet_adapter/rmf_demos_fleet_adapter.egg-info/requires.txt
[5.113s] writing top-level names to ../../../build/rmf_demos_fleet_adapter/rmf_demos_fleet_adapter.egg-info/top_level.txt
[5.155s] /home/leo/.local/lib/python3.10/site-packages/setuptools/_distutils/cmd.py:66: SetuptoolsDeprecationWarning: setup.py install is deprecated.
[5.156s] !!
[5.156s] 
[5.156s]         ********************************************************************************
[5.156s]         Please avoid running ``setup.py`` directly.
[5.156s]         Instead, use pypa/build, pypa/installer or other
[5.156s]         standards-based tools.
[5.156s] 
[5.156s]         See https://blog.ganssle.io/articles/2021/10/setup-py-deprecated.html for details.
[5.156s]         ********************************************************************************
[5.157s] 
[5.157s] !!
[5.157s]   self.initialize_options()
[5.157s] reading manifest file '../../../build/rmf_demos_fleet_adapter/rmf_demos_fleet_adapter.egg-info/SOURCES.txt'
[5.157s] writing manifest file '../../../build/rmf_demos_fleet_adapter/rmf_demos_fleet_adapter.egg-info/SOURCES.txt'
[5.157s] running build
[5.157s] running build_py
[5.157s] running install
[5.165s] running install_lib
[5.207s] running install_data
[5.236s] running install_egg_info
[5.283s] removing '/home/leo/A_rmf_tests/install/rmf_demos_fleet_adapter/lib/python3.10/site-packages/rmf_demos_fleet_adapter-2.2.2-py3.10.egg-info' (and everything under it)
[5.283s] Copying ../../../build/rmf_demos_fleet_adapter/rmf_demos_fleet_adapter.egg-info to /home/leo/A_rmf_tests/install/rmf_demos_fleet_adapter/lib/python3.10/site-packages/rmf_demos_fleet_adapter-2.2.2-py3.10.egg-info
[5.283s] running install_scripts
[5.871s] Installing easy_fleet_adapter script to /home/leo/A_rmf_tests/install/rmf_demos_fleet_adapter/lib/rmf_demos_fleet_adapter
[5.871s] Installing fleet_adapter script to /home/leo/A_rmf_tests/install/rmf_demos_fleet_adapter/lib/rmf_demos_fleet_adapter
[5.871s] Installing fleet_manager script to /home/leo/A_rmf_tests/install/rmf_demos_fleet_adapter/lib/rmf_demos_fleet_adapter
[5.872s] writing list of installed files to '/home/leo/A_rmf_tests/build/rmf_demos_fleet_adapter/install.log'
[5.958s] Invoked command in '/home/leo/A_rmf_tests/src/rmf_demos/rmf_demos_fleet_adapter' returned '0': PYTHONPATH=/home/leo/A_rmf_tests/build/rmf_demos_fleet_adapter/prefix_override:/home/leo/A_rmf_tests/install/rmf_demos_fleet_adapter/lib/python3.10/site-packages:${PYTHONPATH} /usr/bin/python3 setup.py egg_info --egg-base ../../../build/rmf_demos_fleet_adapter build --build-base /home/leo/A_rmf_tests/build/rmf_demos_fleet_adapter/build install --record /home/leo/A_rmf_tests/build/rmf_demos_fleet_adapter/install.log --single-version-externally-managed
