[0.131s] Invoking command in '/home/leo/A_rmf_tests/build/rmf_demos_gz': AMENT_PREFIX_PATH=/home/leo/A_rmf_tests/install/rmf_demos:/home/leo/A_rmf_tests/install/rmf_demos_panel:/home/leo/A_rmf_tests/install/rmf_demos_tasks:/home/leo/A_rmf_tests/install/rmf_demos_maps:/home/leo/A_rmf_tests/install/rmf_demos_fleet_adapter:/home/leo/A_rmf_tests/install/rmf_demos_dashboard_resources:/home/leo/A_rmf_tests/install/rmf_demos_assets:${AMENT_PREFIX_PATH} CMAKE_PREFIX_PATH=/home/leo/A_rmf_tests/install/rmf_demos:/home/leo/A_rmf_tests/install/rmf_demos_maps:/home/leo/A_rmf_tests/install/rmf_demos_dashboard_resources:/home/leo/A_rmf_tests/install/rmf_demos_assets:/home/leo/tfg_leo_ws/install/turtlebot3_simulations:/home/leo/tfg_leo_ws/install/turtlebot3_gazebo:/home/leo/tfg_leo_ws/install/turtlebot3_fake_node:/home/leo/ros2_ws/install/starbots_rmf:/home/leo/ros2_ws/install/ff_examples_ros2:/home/leo/ros2_ws/install/free_fleet_server_ros2:/home/leo/ros2_ws/install/free_fleet_client_ros2:/home/leo/ros2_ws/install/free_fleet:/home/leo/ros2_ws/install/barista_gazebo:/home/leo/ros2_ws/install/barista_extra_models:/home/leo/ros2_ws/install/barista_description:/home/leo/tfg_leo_ws/install/rmf_v2:/home/leo/tfg_leo_ws/install/prueba_oklk:/opt/ros/humble PYTHONPATH=/home/leo/A_rmf_tests/install/rmf_demos_panel/lib/python3.10/site-packages:/home/leo/A_rmf_tests/install/rmf_demos_tasks/lib/python3.10/site-packages:/home/leo/A_rmf_tests/install/rmf_demos_fleet_adapter/lib/python3.10/site-packages:${PYTHONPATH} /usr/bin/cmake --build /home/leo/A_rmf_tests/build/rmf_demos_gz -- -j8 -l8
[0.163s] Invoked command in '/home/leo/A_rmf_tests/build/rmf_demos_gz' returned '0': AMENT_PREFIX_PATH=/home/leo/A_rmf_tests/install/rmf_demos:/home/leo/A_rmf_tests/install/rmf_demos_panel:/home/leo/A_rmf_tests/install/rmf_demos_tasks:/home/leo/A_rmf_tests/install/rmf_demos_maps:/home/leo/A_rmf_tests/install/rmf_demos_fleet_adapter:/home/leo/A_rmf_tests/install/rmf_demos_dashboard_resources:/home/leo/A_rmf_tests/install/rmf_demos_assets:${AMENT_PREFIX_PATH} CMAKE_PREFIX_PATH=/home/leo/A_rmf_tests/install/rmf_demos:/home/leo/A_rmf_tests/install/rmf_demos_maps:/home/leo/A_rmf_tests/install/rmf_demos_dashboard_resources:/home/leo/A_rmf_tests/install/rmf_demos_assets:/home/leo/tfg_leo_ws/install/turtlebot3_simulations:/home/leo/tfg_leo_ws/install/turtlebot3_gazebo:/home/leo/tfg_leo_ws/install/turtlebot3_fake_node:/home/leo/ros2_ws/install/starbots_rmf:/home/leo/ros2_ws/install/ff_examples_ros2:/home/leo/ros2_ws/install/free_fleet_server_ros2:/home/leo/ros2_ws/install/free_fleet_client_ros2:/home/leo/ros2_ws/install/free_fleet:/home/leo/ros2_ws/install/barista_gazebo:/home/leo/ros2_ws/install/barista_extra_models:/home/leo/ros2_ws/install/barista_description:/home/leo/tfg_leo_ws/install/rmf_v2:/home/leo/tfg_leo_ws/install/prueba_oklk:/opt/ros/humble PYTHONPATH=/home/leo/A_rmf_tests/install/rmf_demos_panel/lib/python3.10/site-packages:/home/leo/A_rmf_tests/install/rmf_demos_tasks/lib/python3.10/site-packages:/home/leo/A_rmf_tests/install/rmf_demos_fleet_adapter/lib/python3.10/site-packages:${PYTHONPATH} /usr/bin/cmake --build /home/leo/A_rmf_tests/build/rmf_demos_gz -- -j8 -l8
[0.186s] Invoking command in '/home/leo/A_rmf_tests/build/rmf_demos_gz': AMENT_PREFIX_PATH=/home/leo/A_rmf_tests/install/rmf_demos:/home/leo/A_rmf_tests/install/rmf_demos_panel:/home/leo/A_rmf_tests/install/rmf_demos_tasks:/home/leo/A_rmf_tests/install/rmf_demos_maps:/home/leo/A_rmf_tests/install/rmf_demos_fleet_adapter:/home/leo/A_rmf_tests/install/rmf_demos_dashboard_resources:/home/leo/A_rmf_tests/install/rmf_demos_assets:${AMENT_PREFIX_PATH} CMAKE_PREFIX_PATH=/home/leo/A_rmf_tests/install/rmf_demos:/home/leo/A_rmf_tests/install/rmf_demos_maps:/home/leo/A_rmf_tests/install/rmf_demos_dashboard_resources:/home/leo/A_rmf_tests/install/rmf_demos_assets:/home/leo/tfg_leo_ws/install/turtlebot3_simulations:/home/leo/tfg_leo_ws/install/turtlebot3_gazebo:/home/leo/tfg_leo_ws/install/turtlebot3_fake_node:/home/leo/ros2_ws/install/starbots_rmf:/home/leo/ros2_ws/install/ff_examples_ros2:/home/leo/ros2_ws/install/free_fleet_server_ros2:/home/leo/ros2_ws/install/free_fleet_client_ros2:/home/leo/ros2_ws/install/free_fleet:/home/leo/ros2_ws/install/barista_gazebo:/home/leo/ros2_ws/install/barista_extra_models:/home/leo/ros2_ws/install/barista_description:/home/leo/tfg_leo_ws/install/rmf_v2:/home/leo/tfg_leo_ws/install/prueba_oklk:/opt/ros/humble PYTHONPATH=/home/leo/A_rmf_tests/install/rmf_demos_panel/lib/python3.10/site-packages:/home/leo/A_rmf_tests/install/rmf_demos_tasks/lib/python3.10/site-packages:/home/leo/A_rmf_tests/install/rmf_demos_fleet_adapter/lib/python3.10/site-packages:${PYTHONPATH} /usr/bin/cmake --install /home/leo/A_rmf_tests/build/rmf_demos_gz
[0.193s] -- Install configuration: ""
[0.194s] -- Up-to-date: /home/leo/A_rmf_tests/install/rmf_demos_gz/share/rmf_demos_gz
[0.194s] -- Up-to-date: /home/leo/A_rmf_tests/install/rmf_demos_gz/share/rmf_demos_gz/airport_terminal.launch.xml
[0.194s] -- Up-to-date: /home/leo/A_rmf_tests/install/rmf_demos_gz/share/rmf_demos_gz/battle_royale.launch.xml
[0.194s] -- Up-to-date: /home/leo/A_rmf_tests/install/rmf_demos_gz/share/rmf_demos_gz/include
[0.194s] -- Up-to-date: /home/leo/A_rmf_tests/install/rmf_demos_gz/share/rmf_demos_gz/include/airport_terminal
[0.194s] -- Up-to-date: /home/leo/A_rmf_tests/install/rmf_demos_gz/share/rmf_demos_gz/include/airport_terminal/airport_terminal_caddy.launch.xml
[0.194s] -- Up-to-date: /home/leo/A_rmf_tests/install/rmf_demos_gz/share/rmf_demos_gz/clinic.launch.xml
[0.194s] -- Up-to-date: /home/leo/A_rmf_tests/install/rmf_demos_gz/share/rmf_demos_gz/triple_H.launch.xml
[0.194s] -- Up-to-date: /home/leo/A_rmf_tests/install/rmf_demos_gz/share/rmf_demos_gz/office_mock_traffic_light.launch.xml
[0.194s] -- Up-to-date: /home/leo/A_rmf_tests/install/rmf_demos_gz/share/rmf_demos_gz/simulation.launch.xml
[0.194s] -- Up-to-date: /home/leo/A_rmf_tests/install/rmf_demos_gz/share/rmf_demos_gz/office.launch.xml
[0.194s] -- Up-to-date: /home/leo/A_rmf_tests/install/rmf_demos_gz/share/rmf_demos_gz/hotel.launch.xml
[0.194s] -- Up-to-date: /home/leo/A_rmf_tests/install/rmf_demos_gz/share/rmf_demos_gz/campus.launch.xml
[0.194s] -- Up-to-date: /home/leo/A_rmf_tests/install/rmf_demos_gz/share/ament_index/resource_index/package_run_dependencies/rmf_demos_gz
[0.195s] -- Up-to-date: /home/leo/A_rmf_tests/install/rmf_demos_gz/share/ament_index/resource_index/parent_prefix_path/rmf_demos_gz
[0.195s] -- Up-to-date: /home/leo/A_rmf_tests/install/rmf_demos_gz/share/rmf_demos_gz/environment/ament_prefix_path.sh
[0.195s] -- Up-to-date: /home/leo/A_rmf_tests/install/rmf_demos_gz/share/rmf_demos_gz/environment/ament_prefix_path.dsv
[0.195s] -- Up-to-date: /home/leo/A_rmf_tests/install/rmf_demos_gz/share/rmf_demos_gz/environment/path.sh
[0.195s] -- Up-to-date: /home/leo/A_rmf_tests/install/rmf_demos_gz/share/rmf_demos_gz/environment/path.dsv
[0.195s] -- Up-to-date: /home/leo/A_rmf_tests/install/rmf_demos_gz/share/rmf_demos_gz/local_setup.bash
[0.195s] -- Up-to-date: /home/leo/A_rmf_tests/install/rmf_demos_gz/share/rmf_demos_gz/local_setup.sh
[0.195s] -- Up-to-date: /home/leo/A_rmf_tests/install/rmf_demos_gz/share/rmf_demos_gz/local_setup.zsh
[0.195s] -- Up-to-date: /home/leo/A_rmf_tests/install/rmf_demos_gz/share/rmf_demos_gz/local_setup.dsv
[0.195s] -- Up-to-date: /home/leo/A_rmf_tests/install/rmf_demos_gz/share/rmf_demos_gz/package.dsv
[0.195s] -- Up-to-date: /home/leo/A_rmf_tests/install/rmf_demos_gz/share/ament_index/resource_index/packages/rmf_demos_gz
[0.195s] -- Up-to-date: /home/leo/A_rmf_tests/install/rmf_demos_gz/share/rmf_demos_gz/cmake/rmf_demos_gzConfig.cmake
[0.195s] -- Up-to-date: /home/leo/A_rmf_tests/install/rmf_demos_gz/share/rmf_demos_gz/cmake/rmf_demos_gzConfig-version.cmake
[0.195s] -- Up-to-date: /home/leo/A_rmf_tests/install/rmf_demos_gz/share/rmf_demos_gz/package.xml
[0.198s] Invoked command in '/home/leo/A_rmf_tests/build/rmf_demos_gz' returned '0': AMENT_PREFIX_PATH=/home/leo/A_rmf_tests/install/rmf_demos:/home/leo/A_rmf_tests/install/rmf_demos_panel:/home/leo/A_rmf_tests/install/rmf_demos_tasks:/home/leo/A_rmf_tests/install/rmf_demos_maps:/home/leo/A_rmf_tests/install/rmf_demos_fleet_adapter:/home/leo/A_rmf_tests/install/rmf_demos_dashboard_resources:/home/leo/A_rmf_tests/install/rmf_demos_assets:${AMENT_PREFIX_PATH} CMAKE_PREFIX_PATH=/home/leo/A_rmf_tests/install/rmf_demos:/home/leo/A_rmf_tests/install/rmf_demos_maps:/home/leo/A_rmf_tests/install/rmf_demos_dashboard_resources:/home/leo/A_rmf_tests/install/rmf_demos_assets:/home/leo/tfg_leo_ws/install/turtlebot3_simulations:/home/leo/tfg_leo_ws/install/turtlebot3_gazebo:/home/leo/tfg_leo_ws/install/turtlebot3_fake_node:/home/leo/ros2_ws/install/starbots_rmf:/home/leo/ros2_ws/install/ff_examples_ros2:/home/leo/ros2_ws/install/free_fleet_server_ros2:/home/leo/ros2_ws/install/free_fleet_client_ros2:/home/leo/ros2_ws/install/free_fleet:/home/leo/ros2_ws/install/barista_gazebo:/home/leo/ros2_ws/install/barista_extra_models:/home/leo/ros2_ws/install/barista_description:/home/leo/tfg_leo_ws/install/rmf_v2:/home/leo/tfg_leo_ws/install/prueba_oklk:/opt/ros/humble PYTHONPATH=/home/leo/A_rmf_tests/install/rmf_demos_panel/lib/python3.10/site-packages:/home/leo/A_rmf_tests/install/rmf_demos_tasks/lib/python3.10/site-packages:/home/leo/A_rmf_tests/install/rmf_demos_fleet_adapter/lib/python3.10/site-packages:${PYTHONPATH} /usr/bin/cmake --install /home/leo/A_rmf_tests/build/rmf_demos_gz
