running egg_info
creating ../../../build/rmf_demos_fleet_adapter/rmf_demos_fleet_adapter.egg-info
writing ../../../build/rmf_demos_fleet_adapter/rmf_demos_fleet_adapter.egg-info/PKG-INFO
writing dependency_links to ../../../build/rmf_demos_fleet_adapter/rmf_demos_fleet_adapter.egg-info/dependency_links.txt
writing entry points to ../../../build/rmf_demos_fleet_adapter/rmf_demos_fleet_adapter.egg-info/entry_points.txt
writing requirements to ../../../build/rmf_demos_fleet_adapter/rmf_demos_fleet_adapter.egg-info/requires.txt
writing top-level names to ../../../build/rmf_demos_fleet_adapter/rmf_demos_fleet_adapter.egg-info/top_level.txt
writing manifest file '../../../build/rmf_demos_fleet_adapter/rmf_demos_fleet_adapter.egg-info/SOURCES.txt'
reading manifest file '../../../build/rmf_demos_fleet_adapter/rmf_demos_fleet_adapter.egg-info/SOURCES.txt'
writing manifest file '../../../build/rmf_demos_fleet_adapter/rmf_demos_fleet_adapter.egg-info/SOURCES.txt'
running build
running build_py
creating /home/leo/A_rmf_tests/build/rmf_demos_fleet_adapter/build
creating /home/leo/A_rmf_tests/build/rmf_demos_fleet_adapter/build/lib
creating /home/leo/A_rmf_tests/build/rmf_demos_fleet_adapter/build/lib/test
copying test/__init__.py -> /home/leo/A_rmf_tests/build/rmf_demos_fleet_adapter/build/lib/test
copying test/test_flake8.py -> /home/leo/A_rmf_tests/build/rmf_demos_fleet_adapter/build/lib/test
copying test/test_pep257.py -> /home/leo/A_rmf_tests/build/rmf_demos_fleet_adapter/build/lib/test
copying test/test_copyright.py -> /home/leo/A_rmf_tests/build/rmf_demos_fleet_adapter/build/lib/test
creating /home/leo/A_rmf_tests/build/rmf_demos_fleet_adapter/build/lib/rmf_demos_fleet_adapter
copying rmf_demos_fleet_adapter/RobotClientAPI.py -> /home/leo/A_rmf_tests/build/rmf_demos_fleet_adapter/build/lib/rmf_demos_fleet_adapter
copying rmf_demos_fleet_adapter/__init__.py -> /home/leo/A_rmf_tests/build/rmf_demos_fleet_adapter/build/lib/rmf_demos_fleet_adapter
copying rmf_demos_fleet_adapter/fleet_adapter.py -> /home/leo/A_rmf_tests/build/rmf_demos_fleet_adapter/build/lib/rmf_demos_fleet_adapter
copying rmf_demos_fleet_adapter/fleet_manager.py -> /home/leo/A_rmf_tests/build/rmf_demos_fleet_adapter/build/lib/rmf_demos_fleet_adapter
running install
/home/leo/.local/lib/python3.10/site-packages/setuptools/_distutils/cmd.py:66: SetuptoolsDeprecationWarning: setup.py install is deprecated.
!!

        ********************************************************************************
        Please avoid running ``setup.py`` directly.
        Instead, use pypa/build, pypa/installer or other
        standards-based tools.

        See https://blog.ganssle.io/articles/2021/10/setup-py-deprecated.html for details.
        ********************************************************************************

!!
  self.initialize_options()
running install_lib
creating /home/leo/A_rmf_tests/install/rmf_demos_fleet_adapter/lib/python3.10/site-packages/test
copying /home/leo/A_rmf_tests/build/rmf_demos_fleet_adapter/build/lib/test/__init__.py -> /home/leo/A_rmf_tests/install/rmf_demos_fleet_adapter/lib/python3.10/site-packages/test
copying /home/leo/A_rmf_tests/build/rmf_demos_fleet_adapter/build/lib/test/test_flake8.py -> /home/leo/A_rmf_tests/install/rmf_demos_fleet_adapter/lib/python3.10/site-packages/test
copying /home/leo/A_rmf_tests/build/rmf_demos_fleet_adapter/build/lib/test/test_pep257.py -> /home/leo/A_rmf_tests/install/rmf_demos_fleet_adapter/lib/python3.10/site-packages/test
copying /home/leo/A_rmf_tests/build/rmf_demos_fleet_adapter/build/lib/test/test_copyright.py -> /home/leo/A_rmf_tests/install/rmf_demos_fleet_adapter/lib/python3.10/site-packages/test
creating /home/leo/A_rmf_tests/install/rmf_demos_fleet_adapter/lib/python3.10/site-packages/rmf_demos_fleet_adapter
copying /home/leo/A_rmf_tests/build/rmf_demos_fleet_adapter/build/lib/rmf_demos_fleet_adapter/RobotClientAPI.py -> /home/leo/A_rmf_tests/install/rmf_demos_fleet_adapter/lib/python3.10/site-packages/rmf_demos_fleet_adapter
copying /home/leo/A_rmf_tests/build/rmf_demos_fleet_adapter/build/lib/rmf_demos_fleet_adapter/__init__.py -> /home/leo/A_rmf_tests/install/rmf_demos_fleet_adapter/lib/python3.10/site-packages/rmf_demos_fleet_adapter
copying /home/leo/A_rmf_tests/build/rmf_demos_fleet_adapter/build/lib/rmf_demos_fleet_adapter/fleet_adapter.py -> /home/leo/A_rmf_tests/install/rmf_demos_fleet_adapter/lib/python3.10/site-packages/rmf_demos_fleet_adapter
copying /home/leo/A_rmf_tests/build/rmf_demos_fleet_adapter/build/lib/rmf_demos_fleet_adapter/fleet_manager.py -> /home/leo/A_rmf_tests/install/rmf_demos_fleet_adapter/lib/python3.10/site-packages/rmf_demos_fleet_adapter
byte-compiling /home/leo/A_rmf_tests/install/rmf_demos_fleet_adapter/lib/python3.10/site-packages/test/__init__.py to __init__.cpython-310.pyc
byte-compiling /home/leo/A_rmf_tests/install/rmf_demos_fleet_adapter/lib/python3.10/site-packages/test/test_flake8.py to test_flake8.cpython-310.pyc
byte-compiling /home/leo/A_rmf_tests/install/rmf_demos_fleet_adapter/lib/python3.10/site-packages/test/test_pep257.py to test_pep257.cpython-310.pyc
byte-compiling /home/leo/A_rmf_tests/install/rmf_demos_fleet_adapter/lib/python3.10/site-packages/test/test_copyright.py to test_copyright.cpython-310.pyc
byte-compiling /home/leo/A_rmf_tests/install/rmf_demos_fleet_adapter/lib/python3.10/site-packages/rmf_demos_fleet_adapter/RobotClientAPI.py to RobotClientAPI.cpython-310.pyc
byte-compiling /home/leo/A_rmf_tests/install/rmf_demos_fleet_adapter/lib/python3.10/site-packages/rmf_demos_fleet_adapter/__init__.py to __init__.cpython-310.pyc
byte-compiling /home/leo/A_rmf_tests/install/rmf_demos_fleet_adapter/lib/python3.10/site-packages/rmf_demos_fleet_adapter/fleet_adapter.py to fleet_adapter.cpython-310.pyc
byte-compiling /home/leo/A_rmf_tests/install/rmf_demos_fleet_adapter/lib/python3.10/site-packages/rmf_demos_fleet_adapter/fleet_manager.py to fleet_manager.cpython-310.pyc
running install_data
creating /home/leo/A_rmf_tests/install/rmf_demos_fleet_adapter/share/ament_index
creating /home/leo/A_rmf_tests/install/rmf_demos_fleet_adapter/share/ament_index/resource_index
creating /home/leo/A_rmf_tests/install/rmf_demos_fleet_adapter/share/ament_index/resource_index/packages
copying resource/rmf_demos_fleet_adapter -> /home/leo/A_rmf_tests/install/rmf_demos_fleet_adapter/share/ament_index/resource_index/packages
copying package.xml -> /home/leo/A_rmf_tests/install/rmf_demos_fleet_adapter/share/rmf_demos_fleet_adapter
copying config.yaml -> /home/leo/A_rmf_tests/install/rmf_demos_fleet_adapter/share/rmf_demos_fleet_adapter
creating /home/leo/A_rmf_tests/install/rmf_demos_fleet_adapter/share/rmf_demos_fleet_adapter/launch
copying launch/fleet_adapter.launch.xml -> /home/leo/A_rmf_tests/install/rmf_demos_fleet_adapter/share/rmf_demos_fleet_adapter/launch
running install_egg_info
Copying ../../../build/rmf_demos_fleet_adapter/rmf_demos_fleet_adapter.egg-info to /home/leo/A_rmf_tests/install/rmf_demos_fleet_adapter/lib/python3.10/site-packages/rmf_demos_fleet_adapter-2.2.2-py3.10.egg-info
running install_scripts
Installing easy_fleet_adapter script to /home/leo/A_rmf_tests/install/rmf_demos_fleet_adapter/lib/rmf_demos_fleet_adapter
Installing fleet_adapter script to /home/leo/A_rmf_tests/install/rmf_demos_fleet_adapter/lib/rmf_demos_fleet_adapter
Installing fleet_manager script to /home/leo/A_rmf_tests/install/rmf_demos_fleet_adapter/lib/rmf_demos_fleet_adapter
writing list of installed files to '/home/leo/A_rmf_tests/build/rmf_demos_fleet_adapter/install.log'
