[2.401s] Invoking command in '/home/leo/A_rmf_tests/src/rmf_demos/rmf_demos_fleet_adapter': PYTHONPATH=/home/leo/A_rmf_tests/build/rmf_demos_fleet_adapter/prefix_override:/home/leo/A_rmf_tests/install/rmf_demos_fleet_adapter/lib/python3.10/site-packages:${PYTHONPATH} /usr/bin/python3 setup.py egg_info --egg-base ../../../build/rmf_demos_fleet_adapter build --build-base /home/leo/A_rmf_tests/build/rmf_demos_fleet_adapter/build install --record /home/leo/A_rmf_tests/build/rmf_demos_fleet_adapter/install.log --single-version-externally-managed
[2.886s] running egg_info
[2.886s] creating ../../../build/rmf_demos_fleet_adapter/rmf_demos_fleet_adapter.egg-info
[2.907s] writing ../../../build/rmf_demos_fleet_adapter/rmf_demos_fleet_adapter.egg-info/PKG-INFO
[2.907s] writing dependency_links to ../../../build/rmf_demos_fleet_adapter/rmf_demos_fleet_adapter.egg-info/dependency_links.txt
[2.908s] writing entry points to ../../../build/rmf_demos_fleet_adapter/rmf_demos_fleet_adapter.egg-info/entry_points.txt
[2.908s] writing requirements to ../../../build/rmf_demos_fleet_adapter/rmf_demos_fleet_adapter.egg-info/requires.txt
[2.908s] writing top-level names to ../../../build/rmf_demos_fleet_adapter/rmf_demos_fleet_adapter.egg-info/top_level.txt
[2.908s] writing manifest file '../../../build/rmf_demos_fleet_adapter/rmf_demos_fleet_adapter.egg-info/SOURCES.txt'
[2.952s] reading manifest file '../../../build/rmf_demos_fleet_adapter/rmf_demos_fleet_adapter.egg-info/SOURCES.txt'
[2.953s] writing manifest file '../../../build/rmf_demos_fleet_adapter/rmf_demos_fleet_adapter.egg-info/SOURCES.txt'
[2.953s] running build
[2.953s] running build_py
[2.953s] creating /home/leo/A_rmf_tests/build/rmf_demos_fleet_adapter/build
[2.953s] creating /home/leo/A_rmf_tests/build/rmf_demos_fleet_adapter/build/lib
[2.953s] creating /home/leo/A_rmf_tests/build/rmf_demos_fleet_adapter/build/lib/test
[2.953s] copying test/__init__.py -> /home/leo/A_rmf_tests/build/rmf_demos_fleet_adapter/build/lib/test
[2.953s] copying test/test_flake8.py -> /home/leo/A_rmf_tests/build/rmf_demos_fleet_adapter/build/lib/test
[2.954s] copying test/test_pep257.py -> /home/leo/A_rmf_tests/build/rmf_demos_fleet_adapter/build/lib/test
[2.954s] copying test/test_copyright.py -> /home/leo/A_rmf_tests/build/rmf_demos_fleet_adapter/build/lib/test
[2.954s] creating /home/leo/A_rmf_tests/build/rmf_demos_fleet_adapter/build/lib/rmf_demos_fleet_adapter
[2.954s] copying rmf_demos_fleet_adapter/RobotClientAPI.py -> /home/leo/A_rmf_tests/build/rmf_demos_fleet_adapter/build/lib/rmf_demos_fleet_adapter
[2.954s] copying rmf_demos_fleet_adapter/__init__.py -> /home/leo/A_rmf_tests/build/rmf_demos_fleet_adapter/build/lib/rmf_demos_fleet_adapter
[2.954s] copying rmf_demos_fleet_adapter/fleet_adapter.py -> /home/leo/A_rmf_tests/build/rmf_demos_fleet_adapter/build/lib/rmf_demos_fleet_adapter
[2.954s] copying rmf_demos_fleet_adapter/fleet_manager.py -> /home/leo/A_rmf_tests/build/rmf_demos_fleet_adapter/build/lib/rmf_demos_fleet_adapter
[2.955s] running install
[2.955s] /home/leo/.local/lib/python3.10/site-packages/setuptools/_distutils/cmd.py:66: SetuptoolsDeprecationWarning: setup.py install is deprecated.
[2.955s] !!
[2.955s] 
[2.955s]         ********************************************************************************
[2.955s]         Please avoid running ``setup.py`` directly.
[2.955s]         Instead, use pypa/build, pypa/installer or other
[2.956s]         standards-based tools.
[2.956s] 
[2.956s]         See https://blog.ganssle.io/articles/2021/10/setup-py-deprecated.html for details.
[2.956s]         ********************************************************************************
[2.956s] 
[2.956s] !!
[2.956s]   self.initialize_options()
[2.963s] running install_lib
[2.986s] creating /home/leo/A_rmf_tests/install/rmf_demos_fleet_adapter/lib/python3.10/site-packages/test
[2.986s] copying /home/leo/A_rmf_tests/build/rmf_demos_fleet_adapter/build/lib/test/__init__.py -> /home/leo/A_rmf_tests/install/rmf_demos_fleet_adapter/lib/python3.10/site-packages/test
[2.986s] copying /home/leo/A_rmf_tests/build/rmf_demos_fleet_adapter/build/lib/test/test_flake8.py -> /home/leo/A_rmf_tests/install/rmf_demos_fleet_adapter/lib/python3.10/site-packages/test
[2.986s] copying /home/leo/A_rmf_tests/build/rmf_demos_fleet_adapter/build/lib/test/test_pep257.py -> /home/leo/A_rmf_tests/install/rmf_demos_fleet_adapter/lib/python3.10/site-packages/test
[2.986s] copying /home/leo/A_rmf_tests/build/rmf_demos_fleet_adapter/build/lib/test/test_copyright.py -> /home/leo/A_rmf_tests/install/rmf_demos_fleet_adapter/lib/python3.10/site-packages/test
[2.986s] creating /home/leo/A_rmf_tests/install/rmf_demos_fleet_adapter/lib/python3.10/site-packages/rmf_demos_fleet_adapter
[2.986s] copying /home/leo/A_rmf_tests/build/rmf_demos_fleet_adapter/build/lib/rmf_demos_fleet_adapter/RobotClientAPI.py -> /home/leo/A_rmf_tests/install/rmf_demos_fleet_adapter/lib/python3.10/site-packages/rmf_demos_fleet_adapter
[2.986s] copying /home/leo/A_rmf_tests/build/rmf_demos_fleet_adapter/build/lib/rmf_demos_fleet_adapter/__init__.py -> /home/leo/A_rmf_tests/install/rmf_demos_fleet_adapter/lib/python3.10/site-packages/rmf_demos_fleet_adapter
[2.986s] copying /home/leo/A_rmf_tests/build/rmf_demos_fleet_adapter/build/lib/rmf_demos_fleet_adapter/fleet_adapter.py -> /home/leo/A_rmf_tests/install/rmf_demos_fleet_adapter/lib/python3.10/site-packages/rmf_demos_fleet_adapter
[2.987s] copying /home/leo/A_rmf_tests/build/rmf_demos_fleet_adapter/build/lib/rmf_demos_fleet_adapter/fleet_manager.py -> /home/leo/A_rmf_tests/install/rmf_demos_fleet_adapter/lib/python3.10/site-packages/rmf_demos_fleet_adapter
[2.987s] byte-compiling /home/leo/A_rmf_tests/install/rmf_demos_fleet_adapter/lib/python3.10/site-packages/test/__init__.py to __init__.cpython-310.pyc
[2.988s] byte-compiling /home/leo/A_rmf_tests/install/rmf_demos_fleet_adapter/lib/python3.10/site-packages/test/test_flake8.py to test_flake8.cpython-310.pyc
[2.988s] byte-compiling /home/leo/A_rmf_tests/install/rmf_demos_fleet_adapter/lib/python3.10/site-packages/test/test_pep257.py to test_pep257.cpython-310.pyc
[2.988s] byte-compiling /home/leo/A_rmf_tests/install/rmf_demos_fleet_adapter/lib/python3.10/site-packages/test/test_copyright.py to test_copyright.cpython-310.pyc
[2.988s] byte-compiling /home/leo/A_rmf_tests/install/rmf_demos_fleet_adapter/lib/python3.10/site-packages/rmf_demos_fleet_adapter/RobotClientAPI.py to RobotClientAPI.cpython-310.pyc
[2.990s] byte-compiling /home/leo/A_rmf_tests/install/rmf_demos_fleet_adapter/lib/python3.10/site-packages/rmf_demos_fleet_adapter/__init__.py to __init__.cpython-310.pyc
[2.990s] byte-compiling /home/leo/A_rmf_tests/install/rmf_demos_fleet_adapter/lib/python3.10/site-packages/rmf_demos_fleet_adapter/fleet_adapter.py to fleet_adapter.cpython-310.pyc
[2.993s] byte-compiling /home/leo/A_rmf_tests/install/rmf_demos_fleet_adapter/lib/python3.10/site-packages/rmf_demos_fleet_adapter/fleet_manager.py to fleet_manager.cpython-310.pyc
[2.997s] running install_data
[3.019s] creating /home/leo/A_rmf_tests/install/rmf_demos_fleet_adapter/share/ament_index
[3.019s] creating /home/leo/A_rmf_tests/install/rmf_demos_fleet_adapter/share/ament_index/resource_index
[3.019s] creating /home/leo/A_rmf_tests/install/rmf_demos_fleet_adapter/share/ament_index/resource_index/packages
[3.019s] copying resource/rmf_demos_fleet_adapter -> /home/leo/A_rmf_tests/install/rmf_demos_fleet_adapter/share/ament_index/resource_index/packages
[3.019s] copying package.xml -> /home/leo/A_rmf_tests/install/rmf_demos_fleet_adapter/share/rmf_demos_fleet_adapter
[3.019s] copying config.yaml -> /home/leo/A_rmf_tests/install/rmf_demos_fleet_adapter/share/rmf_demos_fleet_adapter
[3.019s] creating /home/leo/A_rmf_tests/install/rmf_demos_fleet_adapter/share/rmf_demos_fleet_adapter/launch
[3.019s] copying launch/fleet_adapter.launch.xml -> /home/leo/A_rmf_tests/install/rmf_demos_fleet_adapter/share/rmf_demos_fleet_adapter/launch
[3.019s] running install_egg_info
[3.042s] Copying ../../../build/rmf_demos_fleet_adapter/rmf_demos_fleet_adapter.egg-info to /home/leo/A_rmf_tests/install/rmf_demos_fleet_adapter/lib/python3.10/site-packages/rmf_demos_fleet_adapter-2.2.2-py3.10.egg-info
[3.043s] running install_scripts
[3.279s] Installing easy_fleet_adapter script to /home/leo/A_rmf_tests/install/rmf_demos_fleet_adapter/lib/rmf_demos_fleet_adapter
[3.279s] Installing fleet_adapter script to /home/leo/A_rmf_tests/install/rmf_demos_fleet_adapter/lib/rmf_demos_fleet_adapter
[3.279s] Installing fleet_manager script to /home/leo/A_rmf_tests/install/rmf_demos_fleet_adapter/lib/rmf_demos_fleet_adapter
[3.280s] writing list of installed files to '/home/leo/A_rmf_tests/build/rmf_demos_fleet_adapter/install.log'
[3.345s] Invoked command in '/home/leo/A_rmf_tests/src/rmf_demos/rmf_demos_fleet_adapter' returned '0': PYTHONPATH=/home/leo/A_rmf_tests/build/rmf_demos_fleet_adapter/prefix_override:/home/leo/A_rmf_tests/install/rmf_demos_fleet_adapter/lib/python3.10/site-packages:${PYTHONPATH} /usr/bin/python3 setup.py egg_info --egg-base ../../../build/rmf_demos_fleet_adapter build --build-base /home/leo/A_rmf_tests/build/rmf_demos_fleet_adapter/build install --record /home/leo/A_rmf_tests/build/rmf_demos_fleet_adapter/install.log --single-version-externally-managed
