[3.047s] Invoking command in '/home/leo/A_rmf_tests/src/rmf_demos/rmf_demos_bridges': PYTHONPATH=/home/leo/A_rmf_tests/build/rmf_demos_bridges/prefix_override:/home/leo/A_rmf_tests/install/rmf_demos_bridges/lib/python3.10/site-packages:${PYTHONPATH} /usr/bin/python3 setup.py egg_info --egg-base ../../../build/rmf_demos_bridges build --build-base /home/leo/A_rmf_tests/build/rmf_demos_bridges/build install --record /home/leo/A_rmf_tests/build/rmf_demos_bridges/install.log --single-version-externally-managed
[3.911s] running egg_info
[3.964s] writing ../../../build/rmf_demos_bridges/rmf_demos_bridges.egg-info/PKG-INFO
[3.964s] writing dependency_links to ../../../build/rmf_demos_bridges/rmf_demos_bridges.egg-info/dependency_links.txt
[3.965s] writing entry points to ../../../build/rmf_demos_bridges/rmf_demos_bridges.egg-info/entry_points.txt
[3.965s] writing requirements to ../../../build/rmf_demos_bridges/rmf_demos_bridges.egg-info/requires.txt
[3.965s] writing top-level names to ../../../build/rmf_demos_bridges/rmf_demos_bridges.egg-info/top_level.txt
[4.160s] reading manifest file '../../../build/rmf_demos_bridges/rmf_demos_bridges.egg-info/SOURCES.txt'
[4.160s] /home/leo/.local/lib/python3.10/site-packages/setuptools/_distutils/cmd.py:66: SetuptoolsDeprecationWarning: setup.py install is deprecated.
[4.160s] !!
[4.160s] 
[4.160s]         ********************************************************************************
[4.160s]         Please avoid running ``setup.py`` directly.
[4.160s]         Instead, use pypa/build, pypa/installer or other
[4.160s]         standards-based tools.
[4.161s] 
[4.161s]         See https://blog.ganssle.io/articles/2021/10/setup-py-deprecated.html for details.
[4.161s]         ********************************************************************************
[4.161s] 
[4.161s] !!
[4.161s]   self.initialize_options()
[4.169s] writing manifest file '../../../build/rmf_demos_bridges/rmf_demos_bridges.egg-info/SOURCES.txt'
[4.169s] running build
[4.169s] running build_py
[4.169s] running install
[4.169s] running install_lib
[4.176s] running install_data
[4.235s] running install_egg_info
[4.285s] removing '/home/leo/A_rmf_tests/install/rmf_demos_bridges/lib/python3.10/site-packages/rmf_demos_bridges-2.2.2-py3.10.egg-info' (and everything under it)
[4.285s] Copying ../../../build/rmf_demos_bridges/rmf_demos_bridges.egg-info to /home/leo/A_rmf_tests/install/rmf_demos_bridges/lib/python3.10/site-packages/rmf_demos_bridges-2.2.2-py3.10.egg-info
[4.286s] running install_scripts
[4.820s] Installing fleet_robotmanager_mqtt_bridge script to /home/leo/A_rmf_tests/install/rmf_demos_bridges/lib/rmf_demos_bridges
[4.820s] Installing fleet_socketio_bridge script to /home/leo/A_rmf_tests/install/rmf_demos_bridges/lib/rmf_demos_bridges
[4.820s] writing list of installed files to '/home/leo/A_rmf_tests/build/rmf_demos_bridges/install.log'
[4.905s] Invoked command in '/home/leo/A_rmf_tests/src/rmf_demos/rmf_demos_bridges' returned '0': PYTHONPATH=/home/leo/A_rmf_tests/build/rmf_demos_bridges/prefix_override:/home/leo/A_rmf_tests/install/rmf_demos_bridges/lib/python3.10/site-packages:${PYTHONPATH} /usr/bin/python3 setup.py egg_info --egg-base ../../../build/rmf_demos_bridges build --build-base /home/leo/A_rmf_tests/build/rmf_demos_bridges/build install --record /home/leo/A_rmf_tests/build/rmf_demos_bridges/install.log --single-version-externally-managed
