[3.180s] Invoking command in '/home/leo/A_rmf_tests/src/rmf_demos/rmf_demos_tasks': PYTHONPATH=/home/leo/A_rmf_tests/build/rmf_demos_tasks/prefix_override:/home/leo/A_rmf_tests/install/rmf_demos_tasks/lib/python3.10/site-packages:${PYTHONPATH} /usr/bin/python3 setup.py egg_info --egg-base ../../../build/rmf_demos_tasks build --build-base /home/leo/A_rmf_tests/build/rmf_demos_tasks/build install --record /home/leo/A_rmf_tests/build/rmf_demos_tasks/install.log --single-version-externally-managed
[3.848s] running egg_info
[3.905s] writing ../../../build/rmf_demos_tasks/rmf_demos_tasks.egg-info/PKG-INFO
[3.905s] writing dependency_links to ../../../build/rmf_demos_tasks/rmf_demos_tasks.egg-info/dependency_links.txt
[3.905s] writing entry points to ../../../build/rmf_demos_tasks/rmf_demos_tasks.egg-info/entry_points.txt
[3.905s] writing requirements to ../../../build/rmf_demos_tasks/rmf_demos_tasks.egg-info/requires.txt
[3.905s] writing top-level names to ../../../build/rmf_demos_tasks/rmf_demos_tasks.egg-info/top_level.txt
[4.031s] reading manifest file '../../../build/rmf_demos_tasks/rmf_demos_tasks.egg-info/SOURCES.txt'
[4.033s] writing manifest file '../../../build/rmf_demos_tasks/rmf_demos_tasks.egg-info/SOURCES.txt'
[4.033s] running build
[4.033s] running build_py
[4.034s] running install
[4.035s] /home/leo/.local/lib/python3.10/site-packages/setuptools/_distutils/cmd.py:66: SetuptoolsDeprecationWarning: setup.py install is deprecated.
[4.035s] !!
[4.035s] 
[4.035s]         ********************************************************************************
[4.035s]         Please avoid running ``setup.py`` directly.
[4.035s]         Instead, use pypa/build, pypa/installer or other
[4.035s]         standards-based tools.
[4.035s] 
[4.044s]         See https://blog.ganssle.io/articles/2021/10/setup-py-deprecated.html for details.
[4.044s]         ********************************************************************************
[4.044s] 
[4.044s] !!
[4.044s]   self.initialize_options()
[4.061s] running install_lib
[4.122s] running install_data
[4.263s] running install_egg_info
[4.263s] removing '/home/leo/A_rmf_tests/install/rmf_demos_tasks/lib/python3.10/site-packages/rmf_demos_tasks-2.2.2-py3.10.egg-info' (and everything under it)
[4.263s] Copying ../../../build/rmf_demos_tasks/rmf_demos_tasks.egg-info to /home/leo/A_rmf_tests/install/rmf_demos_tasks/lib/python3.10/site-packages/rmf_demos_tasks-2.2.2-py3.10.egg-info
[4.263s] running install_scripts
[4.480s] Installing cancel_task script to /home/leo/A_rmf_tests/install/rmf_demos_tasks/lib/rmf_demos_tasks
[4.480s] Installing dispatch_action script to /home/leo/A_rmf_tests/install/rmf_demos_tasks/lib/rmf_demos_tasks
[4.480s] Installing dispatch_clean script to /home/leo/A_rmf_tests/install/rmf_demos_tasks/lib/rmf_demos_tasks
[4.481s] Installing dispatch_delivery script to /home/leo/A_rmf_tests/install/rmf_demos_tasks/lib/rmf_demos_tasks
[4.481s] Installing dispatch_go_to_place script to /home/leo/A_rmf_tests/install/rmf_demos_tasks/lib/rmf_demos_tasks
[4.481s] Installing dispatch_loop script to /home/leo/A_rmf_tests/install/rmf_demos_tasks/lib/rmf_demos_tasks
[4.481s] Installing dispatch_patrol script to /home/leo/A_rmf_tests/install/rmf_demos_tasks/lib/rmf_demos_tasks
[4.481s] Installing dispatch_teleop script to /home/leo/A_rmf_tests/install/rmf_demos_tasks/lib/rmf_demos_tasks
[4.481s] Installing mock_docker script to /home/leo/A_rmf_tests/install/rmf_demos_tasks/lib/rmf_demos_tasks
[4.481s] Installing request_lift script to /home/leo/A_rmf_tests/install/rmf_demos_tasks/lib/rmf_demos_tasks
[4.482s] Installing request_loop script to /home/leo/A_rmf_tests/install/rmf_demos_tasks/lib/rmf_demos_tasks
[4.482s] Installing teleop_robot script to /home/leo/A_rmf_tests/install/rmf_demos_tasks/lib/rmf_demos_tasks
[4.483s] writing list of installed files to '/home/leo/A_rmf_tests/build/rmf_demos_tasks/install.log'
[4.523s] Invoked command in '/home/leo/A_rmf_tests/src/rmf_demos/rmf_demos_tasks' returned '0': PYTHONPATH=/home/leo/A_rmf_tests/build/rmf_demos_tasks/prefix_override:/home/leo/A_rmf_tests/install/rmf_demos_tasks/lib/python3.10/site-packages:${PYTHONPATH} /usr/bin/python3 setup.py egg_info --egg-base ../../../build/rmf_demos_tasks build --build-base /home/leo/A_rmf_tests/build/rmf_demos_tasks/build install --record /home/leo/A_rmf_tests/build/rmf_demos_tasks/install.log --single-version-externally-managed
