[3.247s] Invoking command in '/home/leo/A_rmf_tests/src/rmf_demos/rmf_demos_fleet_adapter': PYTHONPATH=/home/leo/A_rmf_tests/build/rmf_demos_fleet_adapter/prefix_override:/home/leo/A_rmf_tests/install/rmf_demos_fleet_adapter/lib/python3.10/site-packages:${PYTHONPATH} /usr/bin/python3 setup.py egg_info --egg-base ../../../build/rmf_demos_fleet_adapter build --build-base /home/leo/A_rmf_tests/build/rmf_demos_fleet_adapter/build install --record /home/leo/A_rmf_tests/build/rmf_demos_fleet_adapter/install.log --single-version-externally-managed
[3.972s] running egg_info
[4.005s] writing ../../../build/rmf_demos_fleet_adapter/rmf_demos_fleet_adapter.egg-info/PKG-INFO
[4.006s] writing dependency_links to ../../../build/rmf_demos_fleet_adapter/rmf_demos_fleet_adapter.egg-info/dependency_links.txt
[4.006s] writing entry points to ../../../build/rmf_demos_fleet_adapter/rmf_demos_fleet_adapter.egg-info/entry_points.txt
[4.006s] writing requirements to ../../../build/rmf_demos_fleet_adapter/rmf_demos_fleet_adapter.egg-info/requires.txt
[4.044s] writing top-level names to ../../../build/rmf_demos_fleet_adapter/rmf_demos_fleet_adapter.egg-info/top_level.txt
[4.105s] reading manifest file '../../../build/rmf_demos_fleet_adapter/rmf_demos_fleet_adapter.egg-info/SOURCES.txt'
[4.107s] writing manifest file '../../../build/rmf_demos_fleet_adapter/rmf_demos_fleet_adapter.egg-info/SOURCES.txt'
[4.107s] running build
[4.107s] running build_py
[4.108s] running install
[4.109s] /home/leo/.local/lib/python3.10/site-packages/setuptools/_distutils/cmd.py:66: SetuptoolsDeprecationWarning: setup.py install is deprecated.
[4.109s] !!
[4.109s] 
[4.109s]         ********************************************************************************
[4.109s]         Please avoid running ``setup.py`` directly.
[4.109s]         Instead, use pypa/build, pypa/installer or other
[4.109s]         standards-based tools.
[4.109s] 
[4.109s]         See https://blog.ganssle.io/articles/2021/10/setup-py-deprecated.html for details.
[4.110s]         ********************************************************************************
[4.110s] 
[4.110s] !!
[4.110s]   self.initialize_options()
[4.119s] running install_lib
[4.150s] running install_data
[4.177s] running install_egg_info
[4.207s] removing '/home/leo/A_rmf_tests/install/rmf_demos_fleet_adapter/lib/python3.10/site-packages/rmf_demos_fleet_adapter-2.2.2-py3.10.egg-info' (and everything under it)
[4.208s] Copying ../../../build/rmf_demos_fleet_adapter/rmf_demos_fleet_adapter.egg-info to /home/leo/A_rmf_tests/install/rmf_demos_fleet_adapter/lib/python3.10/site-packages/rmf_demos_fleet_adapter-2.2.2-py3.10.egg-info
[4.217s] running install_scripts
[4.717s] Installing easy_fleet_adapter script to /home/leo/A_rmf_tests/install/rmf_demos_fleet_adapter/lib/rmf_demos_fleet_adapter
[4.717s] Installing fleet_adapter script to /home/leo/A_rmf_tests/install/rmf_demos_fleet_adapter/lib/rmf_demos_fleet_adapter
[4.718s] Installing fleet_manager script to /home/leo/A_rmf_tests/install/rmf_demos_fleet_adapter/lib/rmf_demos_fleet_adapter
[4.718s] writing list of installed files to '/home/leo/A_rmf_tests/build/rmf_demos_fleet_adapter/install.log'
[4.877s] Invoked command in '/home/leo/A_rmf_tests/src/rmf_demos/rmf_demos_fleet_adapter' returned '0': PYTHONPATH=/home/leo/A_rmf_tests/build/rmf_demos_fleet_adapter/prefix_override:/home/leo/A_rmf_tests/install/rmf_demos_fleet_adapter/lib/python3.10/site-packages:${PYTHONPATH} /usr/bin/python3 setup.py egg_info --egg-base ../../../build/rmf_demos_fleet_adapter build --build-base /home/leo/A_rmf_tests/build/rmf_demos_fleet_adapter/build install --record /home/leo/A_rmf_tests/build/rmf_demos_fleet_adapter/install.log --single-version-externally-managed
