[3.089s] Invoking command in '/home/leo/A_rmf_tests/src/rmf_demos/rmf_demos_bridges': PYTHONPATH=/home/leo/A_rmf_tests/build/rmf_demos_bridges/prefix_override:/home/leo/A_rmf_tests/install/rmf_demos_bridges/lib/python3.10/site-packages:${PYTHONPATH} /usr/bin/python3 setup.py egg_info --egg-base ../../../build/rmf_demos_bridges build --build-base /home/leo/A_rmf_tests/build/rmf_demos_bridges/build install --record /home/leo/A_rmf_tests/build/rmf_demos_bridges/install.log --single-version-externally-managed
[3.487s] running egg_info
[3.514s] writing ../../../build/rmf_demos_bridges/rmf_demos_bridges.egg-info/PKG-INFO
[3.516s] writing dependency_links to ../../../build/rmf_demos_bridges/rmf_demos_bridges.egg-info/dependency_links.txt
[3.536s] writing entry points to ../../../build/rmf_demos_bridges/rmf_demos_bridges.egg-info/entry_points.txt
[3.537s] writing requirements to ../../../build/rmf_demos_bridges/rmf_demos_bridges.egg-info/requires.txt
[3.537s] writing top-level names to ../../../build/rmf_demos_bridges/rmf_demos_bridges.egg-info/top_level.txt
[3.588s] reading manifest file '../../../build/rmf_demos_bridges/rmf_demos_bridges.egg-info/SOURCES.txt'
[3.590s] writing manifest file '../../../build/rmf_demos_bridges/rmf_demos_bridges.egg-info/SOURCES.txt'
[3.590s] running build
[3.590s] running build_py
[3.591s] running install
[3.591s] /home/leo/.local/lib/python3.10/site-packages/setuptools/_distutils/cmd.py:66: SetuptoolsDeprecationWarning: setup.py install is deprecated.
[3.591s] !!
[3.591s] 
[3.591s]         ********************************************************************************
[3.591s]         Please avoid running ``setup.py`` directly.
[3.592s]         Instead, use pypa/build, pypa/installer or other
[3.592s]         standards-based tools.
[3.592s] 
[3.592s]         See https://blog.ganssle.io/articles/2021/10/setup-py-deprecated.html for details.
[3.592s]         ********************************************************************************
[3.592s] 
[3.592s] !!
[3.592s]   self.initialize_options()
[3.616s] running install_lib
[3.657s] running install_data
[3.771s] running install_egg_info
[3.853s] removing '/home/leo/A_rmf_tests/install/rmf_demos_bridges/lib/python3.10/site-packages/rmf_demos_bridges-2.2.2-py3.10.egg-info' (and everything under it)
[3.853s] Copying ../../../build/rmf_demos_bridges/rmf_demos_bridges.egg-info to /home/leo/A_rmf_tests/install/rmf_demos_bridges/lib/python3.10/site-packages/rmf_demos_bridges-2.2.2-py3.10.egg-info
[3.853s] running install_scripts
[4.252s] Installing fleet_robotmanager_mqtt_bridge script to /home/leo/A_rmf_tests/install/rmf_demos_bridges/lib/rmf_demos_bridges
[4.253s] Installing fleet_socketio_bridge script to /home/leo/A_rmf_tests/install/rmf_demos_bridges/lib/rmf_demos_bridges
[4.253s] writing list of installed files to '/home/leo/A_rmf_tests/build/rmf_demos_bridges/install.log'
[4.328s] Invoked command in '/home/leo/A_rmf_tests/src/rmf_demos/rmf_demos_bridges' returned '0': PYTHONPATH=/home/leo/A_rmf_tests/build/rmf_demos_bridges/prefix_override:/home/leo/A_rmf_tests/install/rmf_demos_bridges/lib/python3.10/site-packages:${PYTHONPATH} /usr/bin/python3 setup.py egg_info --egg-base ../../../build/rmf_demos_bridges build --build-base /home/leo/A_rmf_tests/build/rmf_demos_bridges/build install --record /home/leo/A_rmf_tests/build/rmf_demos_bridges/install.log --single-version-externally-managed
